ERROR - 2024-03-21 15:37:40 --> mysqli_sql_exception: Cannot add or update a child row: a foreign key constraint fails (`computrack`.`ordenes`, CONSTRAINT `ordenes_id_foreign` FOREIGN KEY (`id`) REFERENCES `facturas` (`id`)) in C:\xampp\htdocs\computrack\system\Database\MySQLi\Connection.php:306
Stack trace:
#0 C:\xampp\htdocs\computrack\system\Database\MySQLi\Connection.php(306): mysqli->query('INSERT INTO `or...', 0)
#1 C:\xampp\htdocs\computrack\system\Database\BaseConnection.php(693): CodeIgniter\Database\MySQLi\Connection->execute('INSERT INTO `or...')
#2 C:\xampp\htdocs\computrack\system\Database\BaseConnection.php(607): CodeIgniter\Database\BaseConnection->simpleQuery('INSERT INTO `or...')
#3 C:\xampp\htdocs\computrack\system\Database\BaseBuilder.php(2307): CodeIgniter\Database\BaseConnection->query('INSERT INTO `or...', Array, false)
#4 C:\xampp\htdocs\computrack\system\Model.php(326): CodeIgniter\Database\BaseBuilder->insert()
#5 C:\xampp\htdocs\computrack\system\BaseModel.php(802): CodeIgniter\Model->doInsert(Array)
#6 C:\xampp\htdocs\computrack\system\Model.php(744): CodeIgniter\BaseModel->insert(Array, true)
#7 C:\xampp\htdocs\computrack\app\Controllers\OrdenController.php(68): CodeIgniter\Model->insert(Array)
#8 C:\xampp\htdocs\computrack\system\CodeIgniter.php(941): App\Controllers\OrdenController->guardarOrden()
#9 C:\xampp\htdocs\computrack\system\CodeIgniter.php(502): CodeIgniter\CodeIgniter->runController(Object(App\Controllers\OrdenController))
#10 C:\xampp\htdocs\computrack\system\CodeIgniter.php(361): CodeIgniter\CodeIgniter->handleRequest(NULL, Object(Config\Cache), false)
#11 C:\xampp\htdocs\computrack\public\index.php(79): CodeIgniter\CodeIgniter->run()
#12 {main}
CRITICAL - 2024-03-21 15:37:40 --> CodeIgniter\Database\Exceptions\DatabaseException: Cannot add or update a child row: a foreign key constraint fails (`computrack`.`ordenes`, CONSTRAINT `ordenes_id_foreign` FOREIGN KEY (`id`) REFERENCES `facturas` (`id`))
in SYSTEMPATH\Database\BaseConnection.php on line 647.
 1 SYSTEMPATH\Database\BaseBuilder.php(2307): CodeIgniter\Database\BaseConnection->query('INSERT INTO `ordenes` (`estado`, `observaciones`, `dispositivo_id`) VALUES (:estado:, :observaciones:, :dispositivo_id:)', [...], false)
 2 SYSTEMPATH\Model.php(326): CodeIgniter\Database\BaseBuilder->insert()
 3 SYSTEMPATH\BaseModel.php(802): CodeIgniter\Model->doInsert([...])
 4 SYSTEMPATH\Model.php(744): CodeIgniter\BaseModel->insert([...], true)
 5 APPPATH\Controllers\OrdenController.php(68): CodeIgniter\Model->insert([...])
 6 SYSTEMPATH\CodeIgniter.php(941): App\Controllers\OrdenController->guardarOrden()
 7 SYSTEMPATH\CodeIgniter.php(502): CodeIgniter\CodeIgniter->runController(Object(App\Controllers\OrdenController))
 8 SYSTEMPATH\CodeIgniter.php(361): CodeIgniter\CodeIgniter->handleRequest(null, Object(Config\Cache), false)
 9 FCPATH\index.php(79): CodeIgniter\CodeIgniter->run()
CRITICAL - 2024-03-21 15:37:40 --> [Caused by] CodeIgniter\Database\Exceptions\DatabaseException: Cannot add or update a child row: a foreign key constraint fails (`computrack`.`ordenes`, CONSTRAINT `ordenes_id_foreign` FOREIGN KEY (`id`) REFERENCES `facturas` (`id`))
in SYSTEMPATH\Database\MySQLi\Connection.php on line 311.
 1 SYSTEMPATH\Database\BaseConnection.php(693): CodeIgniter\Database\MySQLi\Connection->execute('INSERT INTO `ordenes` (`estado`, `observaciones`, `dispositivo_id`) VALUES (\'pendiente\', \'listo para Entregar\', \'2\')')
 2 SYSTEMPATH\Database\BaseConnection.php(607): CodeIgniter\Database\BaseConnection->simpleQuery('INSERT INTO `ordenes` (`estado`, `observaciones`, `dispositivo_id`) VALUES (\'pendiente\', \'listo para Entregar\', \'2\')')
 3 SYSTEMPATH\Database\BaseBuilder.php(2307): CodeIgniter\Database\BaseConnection->query('INSERT INTO `ordenes` (`estado`, `observaciones`, `dispositivo_id`) VALUES (:estado:, :observaciones:, :dispositivo_id:)', [...], false)
 4 SYSTEMPATH\Model.php(326): CodeIgniter\Database\BaseBuilder->insert()
 5 SYSTEMPATH\BaseModel.php(802): CodeIgniter\Model->doInsert([...])
 6 SYSTEMPATH\Model.php(744): CodeIgniter\BaseModel->insert([...], true)
 7 APPPATH\Controllers\OrdenController.php(68): CodeIgniter\Model->insert([...])
 8 SYSTEMPATH\CodeIgniter.php(941): App\Controllers\OrdenController->guardarOrden()
 9 SYSTEMPATH\CodeIgniter.php(502): CodeIgniter\CodeIgniter->runController(Object(App\Controllers\OrdenController))
10 SYSTEMPATH\CodeIgniter.php(361): CodeIgniter\CodeIgniter->handleRequest(null, Object(Config\Cache), false)
11 FCPATH\index.php(79): CodeIgniter\CodeIgniter->run()
CRITICAL - 2024-03-21 15:37:40 --> [Caused by] mysqli_sql_exception: Cannot add or update a child row: a foreign key constraint fails (`computrack`.`ordenes`, CONSTRAINT `ordenes_id_foreign` FOREIGN KEY (`id`) REFERENCES `facturas` (`id`))
in SYSTEMPATH\Database\MySQLi\Connection.php on line 306.
 1 SYSTEMPATH\Database\MySQLi\Connection.php(306): mysqli->query('INSERT INTO `ordenes` (`estado`, `observaciones`, `dispositivo_id`) VALUES (\'pendiente\', \'listo para Entregar\', \'2\')', 0)
 2 SYSTEMPATH\Database\BaseConnection.php(693): CodeIgniter\Database\MySQLi\Connection->execute('INSERT INTO `ordenes` (`estado`, `observaciones`, `dispositivo_id`) VALUES (\'pendiente\', \'listo para Entregar\', \'2\')')
 3 SYSTEMPATH\Database\BaseConnection.php(607): CodeIgniter\Database\BaseConnection->simpleQuery('INSERT INTO `ordenes` (`estado`, `observaciones`, `dispositivo_id`) VALUES (\'pendiente\', \'listo para Entregar\', \'2\')')
 4 SYSTEMPATH\Database\BaseBuilder.php(2307): CodeIgniter\Database\BaseConnection->query('INSERT INTO `ordenes` (`estado`, `observaciones`, `dispositivo_id`) VALUES (:estado:, :observaciones:, :dispositivo_id:)', [...], false)
 5 SYSTEMPATH\Model.php(326): CodeIgniter\Database\BaseBuilder->insert()
 6 SYSTEMPATH\BaseModel.php(802): CodeIgniter\Model->doInsert([...])
 7 SYSTEMPATH\Model.php(744): CodeIgniter\BaseModel->insert([...], true)
 8 APPPATH\Controllers\OrdenController.php(68): CodeIgniter\Model->insert([...])
 9 SYSTEMPATH\CodeIgniter.php(941): App\Controllers\OrdenController->guardarOrden()
10 SYSTEMPATH\CodeIgniter.php(502): CodeIgniter\CodeIgniter->runController(Object(App\Controllers\OrdenController))
11 SYSTEMPATH\CodeIgniter.php(361): CodeIgniter\CodeIgniter->handleRequest(null, Object(Config\Cache), false)
12 FCPATH\index.php(79): CodeIgniter\CodeIgniter->run()
ERROR - 2024-03-21 15:45:43 --> mysqli_sql_exception: Cannot add or update a child row: a foreign key constraint fails (`computrack`.`ordenes`, CONSTRAINT `ordenes_id_foreign` FOREIGN KEY (`id`) REFERENCES `facturas` (`id`)) in C:\xampp\htdocs\computrack\system\Database\MySQLi\Connection.php:306
Stack trace:
#0 C:\xampp\htdocs\computrack\system\Database\MySQLi\Connection.php(306): mysqli->query('INSERT INTO `or...', 0)
#1 C:\xampp\htdocs\computrack\system\Database\BaseConnection.php(693): CodeIgniter\Database\MySQLi\Connection->execute('INSERT INTO `or...')
#2 C:\xampp\htdocs\computrack\system\Database\BaseConnection.php(607): CodeIgniter\Database\BaseConnection->simpleQuery('INSERT INTO `or...')
#3 C:\xampp\htdocs\computrack\system\Database\BaseBuilder.php(2307): CodeIgniter\Database\BaseConnection->query('INSERT INTO `or...', Array, false)
#4 C:\xampp\htdocs\computrack\system\Model.php(326): CodeIgniter\Database\BaseBuilder->insert()
#5 C:\xampp\htdocs\computrack\system\BaseModel.php(802): CodeIgniter\Model->doInsert(Array)
#6 C:\xampp\htdocs\computrack\system\Model.php(744): CodeIgniter\BaseModel->insert(Array, true)
#7 C:\xampp\htdocs\computrack\app\Controllers\OrdenController.php(68): CodeIgniter\Model->insert(Array)
#8 C:\xampp\htdocs\computrack\system\CodeIgniter.php(941): App\Controllers\OrdenController->guardarOrden()
#9 C:\xampp\htdocs\computrack\system\CodeIgniter.php(502): CodeIgniter\CodeIgniter->runController(Object(App\Controllers\OrdenController))
#10 C:\xampp\htdocs\computrack\system\CodeIgniter.php(361): CodeIgniter\CodeIgniter->handleRequest(NULL, Object(Config\Cache), false)
#11 C:\xampp\htdocs\computrack\public\index.php(79): CodeIgniter\CodeIgniter->run()
#12 {main}
CRITICAL - 2024-03-21 15:45:43 --> CodeIgniter\Database\Exceptions\DatabaseException: Cannot add or update a child row: a foreign key constraint fails (`computrack`.`ordenes`, CONSTRAINT `ordenes_id_foreign` FOREIGN KEY (`id`) REFERENCES `facturas` (`id`))
in SYSTEMPATH\Database\BaseConnection.php on line 647.
 1 SYSTEMPATH\Database\BaseBuilder.php(2307): CodeIgniter\Database\BaseConnection->query('INSERT INTO `ordenes` (`estado`, `observaciones`, `dispositivo_id`) VALUES (:estado:, :observaciones:, :dispositivo_id:)', [...], false)
 2 SYSTEMPATH\Model.php(326): CodeIgniter\Database\BaseBuilder->insert()
 3 SYSTEMPATH\BaseModel.php(802): CodeIgniter\Model->doInsert([...])
 4 SYSTEMPATH\Model.php(744): CodeIgniter\BaseModel->insert([...], true)
 5 APPPATH\Controllers\OrdenController.php(68): CodeIgniter\Model->insert([...])
 6 SYSTEMPATH\CodeIgniter.php(941): App\Controllers\OrdenController->guardarOrden()
 7 SYSTEMPATH\CodeIgniter.php(502): CodeIgniter\CodeIgniter->runController(Object(App\Controllers\OrdenController))
 8 SYSTEMPATH\CodeIgniter.php(361): CodeIgniter\CodeIgniter->handleRequest(null, Object(Config\Cache), false)
 9 FCPATH\index.php(79): CodeIgniter\CodeIgniter->run()
CRITICAL - 2024-03-21 15:45:43 --> [Caused by] CodeIgniter\Database\Exceptions\DatabaseException: Cannot add or update a child row: a foreign key constraint fails (`computrack`.`ordenes`, CONSTRAINT `ordenes_id_foreign` FOREIGN KEY (`id`) REFERENCES `facturas` (`id`))
in SYSTEMPATH\Database\MySQLi\Connection.php on line 311.
 1 SYSTEMPATH\Database\BaseConnection.php(693): CodeIgniter\Database\MySQLi\Connection->execute('INSERT INTO `ordenes` (`estado`, `observaciones`, `dispositivo_id`) VALUES (\'pendiente\', \'nn\', \'2\')')
 2 SYSTEMPATH\Database\BaseConnection.php(607): CodeIgniter\Database\BaseConnection->simpleQuery('INSERT INTO `ordenes` (`estado`, `observaciones`, `dispositivo_id`) VALUES (\'pendiente\', \'nn\', \'2\')')
 3 SYSTEMPATH\Database\BaseBuilder.php(2307): CodeIgniter\Database\BaseConnection->query('INSERT INTO `ordenes` (`estado`, `observaciones`, `dispositivo_id`) VALUES (:estado:, :observaciones:, :dispositivo_id:)', [...], false)
 4 SYSTEMPATH\Model.php(326): CodeIgniter\Database\BaseBuilder->insert()
 5 SYSTEMPATH\BaseModel.php(802): CodeIgniter\Model->doInsert([...])
 6 SYSTEMPATH\Model.php(744): CodeIgniter\BaseModel->insert([...], true)
 7 APPPATH\Controllers\OrdenController.php(68): CodeIgniter\Model->insert([...])
 8 SYSTEMPATH\CodeIgniter.php(941): App\Controllers\OrdenController->guardarOrden()
 9 SYSTEMPATH\CodeIgniter.php(502): CodeIgniter\CodeIgniter->runController(Object(App\Controllers\OrdenController))
10 SYSTEMPATH\CodeIgniter.php(361): CodeIgniter\CodeIgniter->handleRequest(null, Object(Config\Cache), false)
11 FCPATH\index.php(79): CodeIgniter\CodeIgniter->run()
CRITICAL - 2024-03-21 15:45:43 --> [Caused by] mysqli_sql_exception: Cannot add or update a child row: a foreign key constraint fails (`computrack`.`ordenes`, CONSTRAINT `ordenes_id_foreign` FOREIGN KEY (`id`) REFERENCES `facturas` (`id`))
in SYSTEMPATH\Database\MySQLi\Connection.php on line 306.
 1 SYSTEMPATH\Database\MySQLi\Connection.php(306): mysqli->query('INSERT INTO `ordenes` (`estado`, `observaciones`, `dispositivo_id`) VALUES (\'pendiente\', \'nn\', \'2\')', 0)
 2 SYSTEMPATH\Database\BaseConnection.php(693): CodeIgniter\Database\MySQLi\Connection->execute('INSERT INTO `ordenes` (`estado`, `observaciones`, `dispositivo_id`) VALUES (\'pendiente\', \'nn\', \'2\')')
 3 SYSTEMPATH\Database\BaseConnection.php(607): CodeIgniter\Database\BaseConnection->simpleQuery('INSERT INTO `ordenes` (`estado`, `observaciones`, `dispositivo_id`) VALUES (\'pendiente\', \'nn\', \'2\')')
 4 SYSTEMPATH\Database\BaseBuilder.php(2307): CodeIgniter\Database\BaseConnection->query('INSERT INTO `ordenes` (`estado`, `observaciones`, `dispositivo_id`) VALUES (:estado:, :observaciones:, :dispositivo_id:)', [...], false)
 5 SYSTEMPATH\Model.php(326): CodeIgniter\Database\BaseBuilder->insert()
 6 SYSTEMPATH\BaseModel.php(802): CodeIgniter\Model->doInsert([...])
 7 SYSTEMPATH\Model.php(744): CodeIgniter\BaseModel->insert([...], true)
 8 APPPATH\Controllers\OrdenController.php(68): CodeIgniter\Model->insert([...])
 9 SYSTEMPATH\CodeIgniter.php(941): App\Controllers\OrdenController->guardarOrden()
10 SYSTEMPATH\CodeIgniter.php(502): CodeIgniter\CodeIgniter->runController(Object(App\Controllers\OrdenController))
11 SYSTEMPATH\CodeIgniter.php(361): CodeIgniter\CodeIgniter->handleRequest(null, Object(Config\Cache), false)
12 FCPATH\index.php(79): CodeIgniter\CodeIgniter->run()
ERROR - 2024-03-21 15:48:02 --> mysqli_sql_exception: Cannot add or update a child row: a foreign key constraint fails (`computrack`.`ordenes`, CONSTRAINT `ordenes_id_foreign` FOREIGN KEY (`id`) REFERENCES `facturas` (`id`)) in C:\xampp\htdocs\computrack\system\Database\MySQLi\Connection.php:306
Stack trace:
#0 C:\xampp\htdocs\computrack\system\Database\MySQLi\Connection.php(306): mysqli->query('INSERT INTO `or...', 0)
#1 C:\xampp\htdocs\computrack\system\Database\BaseConnection.php(693): CodeIgniter\Database\MySQLi\Connection->execute('INSERT INTO `or...')
#2 C:\xampp\htdocs\computrack\system\Database\BaseConnection.php(607): CodeIgniter\Database\BaseConnection->simpleQuery('INSERT INTO `or...')
#3 C:\xampp\htdocs\computrack\system\Database\BaseBuilder.php(2307): CodeIgniter\Database\BaseConnection->query('INSERT INTO `or...', Array, false)
#4 C:\xampp\htdocs\computrack\system\Model.php(326): CodeIgniter\Database\BaseBuilder->insert()
#5 C:\xampp\htdocs\computrack\system\BaseModel.php(802): CodeIgniter\Model->doInsert(Array)
#6 C:\xampp\htdocs\computrack\system\Model.php(744): CodeIgniter\BaseModel->insert(Array, true)
#7 C:\xampp\htdocs\computrack\app\Controllers\OrdenController.php(68): CodeIgniter\Model->insert(Array)
#8 C:\xampp\htdocs\computrack\system\CodeIgniter.php(941): App\Controllers\OrdenController->guardarOrden()
#9 C:\xampp\htdocs\computrack\system\CodeIgniter.php(502): CodeIgniter\CodeIgniter->runController(Object(App\Controllers\OrdenController))
#10 C:\xampp\htdocs\computrack\system\CodeIgniter.php(361): CodeIgniter\CodeIgniter->handleRequest(NULL, Object(Config\Cache), false)
#11 C:\xampp\htdocs\computrack\public\index.php(79): CodeIgniter\CodeIgniter->run()
#12 {main}
CRITICAL - 2024-03-21 15:48:02 --> CodeIgniter\Database\Exceptions\DatabaseException: Cannot add or update a child row: a foreign key constraint fails (`computrack`.`ordenes`, CONSTRAINT `ordenes_id_foreign` FOREIGN KEY (`id`) REFERENCES `facturas` (`id`))
in SYSTEMPATH\Database\BaseConnection.php on line 647.
 1 SYSTEMPATH\Database\BaseBuilder.php(2307): CodeIgniter\Database\BaseConnection->query('INSERT INTO `ordenes` (`estado`, `observaciones`, `dispositivo_id`) VALUES (:estado:, :observaciones:, :dispositivo_id:)', [...], false)
 2 SYSTEMPATH\Model.php(326): CodeIgniter\Database\BaseBuilder->insert()
 3 SYSTEMPATH\BaseModel.php(802): CodeIgniter\Model->doInsert([...])
 4 SYSTEMPATH\Model.php(744): CodeIgniter\BaseModel->insert([...], true)
 5 APPPATH\Controllers\OrdenController.php(68): CodeIgniter\Model->insert([...])
 6 SYSTEMPATH\CodeIgniter.php(941): App\Controllers\OrdenController->guardarOrden()
 7 SYSTEMPATH\CodeIgniter.php(502): CodeIgniter\CodeIgniter->runController(Object(App\Controllers\OrdenController))
 8 SYSTEMPATH\CodeIgniter.php(361): CodeIgniter\CodeIgniter->handleRequest(null, Object(Config\Cache), false)
 9 FCPATH\index.php(79): CodeIgniter\CodeIgniter->run()
CRITICAL - 2024-03-21 15:48:02 --> [Caused by] CodeIgniter\Database\Exceptions\DatabaseException: Cannot add or update a child row: a foreign key constraint fails (`computrack`.`ordenes`, CONSTRAINT `ordenes_id_foreign` FOREIGN KEY (`id`) REFERENCES `facturas` (`id`))
in SYSTEMPATH\Database\MySQLi\Connection.php on line 311.
 1 SYSTEMPATH\Database\BaseConnection.php(693): CodeIgniter\Database\MySQLi\Connection->execute('INSERT INTO `ordenes` (`estado`, `observaciones`, `dispositivo_id`) VALUES (\'pendiente\', \'nn\', \'2\')')
 2 SYSTEMPATH\Database\BaseConnection.php(607): CodeIgniter\Database\BaseConnection->simpleQuery('INSERT INTO `ordenes` (`estado`, `observaciones`, `dispositivo_id`) VALUES (\'pendiente\', \'nn\', \'2\')')
 3 SYSTEMPATH\Database\BaseBuilder.php(2307): CodeIgniter\Database\BaseConnection->query('INSERT INTO `ordenes` (`estado`, `observaciones`, `dispositivo_id`) VALUES (:estado:, :observaciones:, :dispositivo_id:)', [...], false)
 4 SYSTEMPATH\Model.php(326): CodeIgniter\Database\BaseBuilder->insert()
 5 SYSTEMPATH\BaseModel.php(802): CodeIgniter\Model->doInsert([...])
 6 SYSTEMPATH\Model.php(744): CodeIgniter\BaseModel->insert([...], true)
 7 APPPATH\Controllers\OrdenController.php(68): CodeIgniter\Model->insert([...])
 8 SYSTEMPATH\CodeIgniter.php(941): App\Controllers\OrdenController->guardarOrden()
 9 SYSTEMPATH\CodeIgniter.php(502): CodeIgniter\CodeIgniter->runController(Object(App\Controllers\OrdenController))
10 SYSTEMPATH\CodeIgniter.php(361): CodeIgniter\CodeIgniter->handleRequest(null, Object(Config\Cache), false)
11 FCPATH\index.php(79): CodeIgniter\CodeIgniter->run()
CRITICAL - 2024-03-21 15:48:02 --> [Caused by] mysqli_sql_exception: Cannot add or update a child row: a foreign key constraint fails (`computrack`.`ordenes`, CONSTRAINT `ordenes_id_foreign` FOREIGN KEY (`id`) REFERENCES `facturas` (`id`))
in SYSTEMPATH\Database\MySQLi\Connection.php on line 306.
 1 SYSTEMPATH\Database\MySQLi\Connection.php(306): mysqli->query('INSERT INTO `ordenes` (`estado`, `observaciones`, `dispositivo_id`) VALUES (\'pendiente\', \'nn\', \'2\')', 0)
 2 SYSTEMPATH\Database\BaseConnection.php(693): CodeIgniter\Database\MySQLi\Connection->execute('INSERT INTO `ordenes` (`estado`, `observaciones`, `dispositivo_id`) VALUES (\'pendiente\', \'nn\', \'2\')')
 3 SYSTEMPATH\Database\BaseConnection.php(607): CodeIgniter\Database\BaseConnection->simpleQuery('INSERT INTO `ordenes` (`estado`, `observaciones`, `dispositivo_id`) VALUES (\'pendiente\', \'nn\', \'2\')')
 4 SYSTEMPATH\Database\BaseBuilder.php(2307): CodeIgniter\Database\BaseConnection->query('INSERT INTO `ordenes` (`estado`, `observaciones`, `dispositivo_id`) VALUES (:estado:, :observaciones:, :dispositivo_id:)', [...], false)
 5 SYSTEMPATH\Model.php(326): CodeIgniter\Database\BaseBuilder->insert()
 6 SYSTEMPATH\BaseModel.php(802): CodeIgniter\Model->doInsert([...])
 7 SYSTEMPATH\Model.php(744): CodeIgniter\BaseModel->insert([...], true)
 8 APPPATH\Controllers\OrdenController.php(68): CodeIgniter\Model->insert([...])
 9 SYSTEMPATH\CodeIgniter.php(941): App\Controllers\OrdenController->guardarOrden()
10 SYSTEMPATH\CodeIgniter.php(502): CodeIgniter\CodeIgniter->runController(Object(App\Controllers\OrdenController))
11 SYSTEMPATH\CodeIgniter.php(361): CodeIgniter\CodeIgniter->handleRequest(null, Object(Config\Cache), false)
12 FCPATH\index.php(79): CodeIgniter\CodeIgniter->run()
ERROR - 2024-03-21 15:50:12 --> mysqli_sql_exception: Cannot add or update a child row: a foreign key constraint fails (`computrack`.`ordenes`, CONSTRAINT `ordenes_id_foreign` FOREIGN KEY (`id`) REFERENCES `facturas` (`id`)) in C:\xampp\htdocs\computrack\system\Database\MySQLi\Connection.php:306
Stack trace:
#0 C:\xampp\htdocs\computrack\system\Database\MySQLi\Connection.php(306): mysqli->query('INSERT INTO `or...', 0)
#1 C:\xampp\htdocs\computrack\system\Database\BaseConnection.php(693): CodeIgniter\Database\MySQLi\Connection->execute('INSERT INTO `or...')
#2 C:\xampp\htdocs\computrack\system\Database\BaseConnection.php(607): CodeIgniter\Database\BaseConnection->simpleQuery('INSERT INTO `or...')
#3 C:\xampp\htdocs\computrack\system\Database\BaseBuilder.php(2307): CodeIgniter\Database\BaseConnection->query('INSERT INTO `or...', Array, false)
#4 C:\xampp\htdocs\computrack\system\Model.php(326): CodeIgniter\Database\BaseBuilder->insert()
#5 C:\xampp\htdocs\computrack\system\BaseModel.php(802): CodeIgniter\Model->doInsert(Array)
#6 C:\xampp\htdocs\computrack\system\Model.php(744): CodeIgniter\BaseModel->insert(Array, true)
#7 C:\xampp\htdocs\computrack\app\Controllers\OrdenController.php(68): CodeIgniter\Model->insert(Array)
#8 C:\xampp\htdocs\computrack\system\CodeIgniter.php(941): App\Controllers\OrdenController->guardarOrden()
#9 C:\xampp\htdocs\computrack\system\CodeIgniter.php(502): CodeIgniter\CodeIgniter->runController(Object(App\Controllers\OrdenController))
#10 C:\xampp\htdocs\computrack\system\CodeIgniter.php(361): CodeIgniter\CodeIgniter->handleRequest(NULL, Object(Config\Cache), false)
#11 C:\xampp\htdocs\computrack\public\index.php(79): CodeIgniter\CodeIgniter->run()
#12 {main}
CRITICAL - 2024-03-21 15:50:12 --> CodeIgniter\Database\Exceptions\DatabaseException: Cannot add or update a child row: a foreign key constraint fails (`computrack`.`ordenes`, CONSTRAINT `ordenes_id_foreign` FOREIGN KEY (`id`) REFERENCES `facturas` (`id`))
in SYSTEMPATH\Database\BaseConnection.php on line 647.
 1 SYSTEMPATH\Database\BaseBuilder.php(2307): CodeIgniter\Database\BaseConnection->query('INSERT INTO `ordenes` (`estado`, `observaciones`, `dispositivo_id`) VALUES (:estado:, :observaciones:, :dispositivo_id:)', [...], false)
 2 SYSTEMPATH\Model.php(326): CodeIgniter\Database\BaseBuilder->insert()
 3 SYSTEMPATH\BaseModel.php(802): CodeIgniter\Model->doInsert([...])
 4 SYSTEMPATH\Model.php(744): CodeIgniter\BaseModel->insert([...], true)
 5 APPPATH\Controllers\OrdenController.php(68): CodeIgniter\Model->insert([...])
 6 SYSTEMPATH\CodeIgniter.php(941): App\Controllers\OrdenController->guardarOrden()
 7 SYSTEMPATH\CodeIgniter.php(502): CodeIgniter\CodeIgniter->runController(Object(App\Controllers\OrdenController))
 8 SYSTEMPATH\CodeIgniter.php(361): CodeIgniter\CodeIgniter->handleRequest(null, Object(Config\Cache), false)
 9 FCPATH\index.php(79): CodeIgniter\CodeIgniter->run()
CRITICAL - 2024-03-21 15:50:12 --> [Caused by] CodeIgniter\Database\Exceptions\DatabaseException: Cannot add or update a child row: a foreign key constraint fails (`computrack`.`ordenes`, CONSTRAINT `ordenes_id_foreign` FOREIGN KEY (`id`) REFERENCES `facturas` (`id`))
in SYSTEMPATH\Database\MySQLi\Connection.php on line 311.
 1 SYSTEMPATH\Database\BaseConnection.php(693): CodeIgniter\Database\MySQLi\Connection->execute('INSERT INTO `ordenes` (`estado`, `observaciones`, `dispositivo_id`) VALUES (\'pendiente\', \'Listo para entregar\', \'2\')')
 2 SYSTEMPATH\Database\BaseConnection.php(607): CodeIgniter\Database\BaseConnection->simpleQuery('INSERT INTO `ordenes` (`estado`, `observaciones`, `dispositivo_id`) VALUES (\'pendiente\', \'Listo para entregar\', \'2\')')
 3 SYSTEMPATH\Database\BaseBuilder.php(2307): CodeIgniter\Database\BaseConnection->query('INSERT INTO `ordenes` (`estado`, `observaciones`, `dispositivo_id`) VALUES (:estado:, :observaciones:, :dispositivo_id:)', [...], false)
 4 SYSTEMPATH\Model.php(326): CodeIgniter\Database\BaseBuilder->insert()
 5 SYSTEMPATH\BaseModel.php(802): CodeIgniter\Model->doInsert([...])
 6 SYSTEMPATH\Model.php(744): CodeIgniter\BaseModel->insert([...], true)
 7 APPPATH\Controllers\OrdenController.php(68): CodeIgniter\Model->insert([...])
 8 SYSTEMPATH\CodeIgniter.php(941): App\Controllers\OrdenController->guardarOrden()
 9 SYSTEMPATH\CodeIgniter.php(502): CodeIgniter\CodeIgniter->runController(Object(App\Controllers\OrdenController))
10 SYSTEMPATH\CodeIgniter.php(361): CodeIgniter\CodeIgniter->handleRequest(null, Object(Config\Cache), false)
11 FCPATH\index.php(79): CodeIgniter\CodeIgniter->run()
CRITICAL - 2024-03-21 15:50:12 --> [Caused by] mysqli_sql_exception: Cannot add or update a child row: a foreign key constraint fails (`computrack`.`ordenes`, CONSTRAINT `ordenes_id_foreign` FOREIGN KEY (`id`) REFERENCES `facturas` (`id`))
in SYSTEMPATH\Database\MySQLi\Connection.php on line 306.
 1 SYSTEMPATH\Database\MySQLi\Connection.php(306): mysqli->query('INSERT INTO `ordenes` (`estado`, `observaciones`, `dispositivo_id`) VALUES (\'pendiente\', \'Listo para entregar\', \'2\')', 0)
 2 SYSTEMPATH\Database\BaseConnection.php(693): CodeIgniter\Database\MySQLi\Connection->execute('INSERT INTO `ordenes` (`estado`, `observaciones`, `dispositivo_id`) VALUES (\'pendiente\', \'Listo para entregar\', \'2\')')
 3 SYSTEMPATH\Database\BaseConnection.php(607): CodeIgniter\Database\BaseConnection->simpleQuery('INSERT INTO `ordenes` (`estado`, `observaciones`, `dispositivo_id`) VALUES (\'pendiente\', \'Listo para entregar\', \'2\')')
 4 SYSTEMPATH\Database\BaseBuilder.php(2307): CodeIgniter\Database\BaseConnection->query('INSERT INTO `ordenes` (`estado`, `observaciones`, `dispositivo_id`) VALUES (:estado:, :observaciones:, :dispositivo_id:)', [...], false)
 5 SYSTEMPATH\Model.php(326): CodeIgniter\Database\BaseBuilder->insert()
 6 SYSTEMPATH\BaseModel.php(802): CodeIgniter\Model->doInsert([...])
 7 SYSTEMPATH\Model.php(744): CodeIgniter\BaseModel->insert([...], true)
 8 APPPATH\Controllers\OrdenController.php(68): CodeIgniter\Model->insert([...])
 9 SYSTEMPATH\CodeIgniter.php(941): App\Controllers\OrdenController->guardarOrden()
10 SYSTEMPATH\CodeIgniter.php(502): CodeIgniter\CodeIgniter->runController(Object(App\Controllers\OrdenController))
11 SYSTEMPATH\CodeIgniter.php(361): CodeIgniter\CodeIgniter->handleRequest(null, Object(Config\Cache), false)
12 FCPATH\index.php(79): CodeIgniter\CodeIgniter->run()
ERROR - 2024-03-21 15:52:26 --> mysqli_sql_exception: Cannot add or update a child row: a foreign key constraint fails (`computrack`.`ordenes`, CONSTRAINT `ordenes_id_foreign` FOREIGN KEY (`id`) REFERENCES `facturas` (`id`)) in C:\xampp\htdocs\computrack\system\Database\MySQLi\Connection.php:306
Stack trace:
#0 C:\xampp\htdocs\computrack\system\Database\MySQLi\Connection.php(306): mysqli->query('INSERT INTO `or...', 0)
#1 C:\xampp\htdocs\computrack\system\Database\BaseConnection.php(693): CodeIgniter\Database\MySQLi\Connection->execute('INSERT INTO `or...')
#2 C:\xampp\htdocs\computrack\system\Database\BaseConnection.php(607): CodeIgniter\Database\BaseConnection->simpleQuery('INSERT INTO `or...')
#3 C:\xampp\htdocs\computrack\system\Database\BaseBuilder.php(2307): CodeIgniter\Database\BaseConnection->query('INSERT INTO `or...', Array, false)
#4 C:\xampp\htdocs\computrack\system\Model.php(326): CodeIgniter\Database\BaseBuilder->insert()
#5 C:\xampp\htdocs\computrack\system\BaseModel.php(802): CodeIgniter\Model->doInsert(Array)
#6 C:\xampp\htdocs\computrack\system\Model.php(744): CodeIgniter\BaseModel->insert(Array, true)
#7 C:\xampp\htdocs\computrack\app\Controllers\OrdenController.php(68): CodeIgniter\Model->insert(Array)
#8 C:\xampp\htdocs\computrack\system\CodeIgniter.php(941): App\Controllers\OrdenController->guardarOrden()
#9 C:\xampp\htdocs\computrack\system\CodeIgniter.php(502): CodeIgniter\CodeIgniter->runController(Object(App\Controllers\OrdenController))
#10 C:\xampp\htdocs\computrack\system\CodeIgniter.php(361): CodeIgniter\CodeIgniter->handleRequest(NULL, Object(Config\Cache), false)
#11 C:\xampp\htdocs\computrack\public\index.php(79): CodeIgniter\CodeIgniter->run()
#12 {main}
CRITICAL - 2024-03-21 15:52:26 --> CodeIgniter\Database\Exceptions\DatabaseException: Cannot add or update a child row: a foreign key constraint fails (`computrack`.`ordenes`, CONSTRAINT `ordenes_id_foreign` FOREIGN KEY (`id`) REFERENCES `facturas` (`id`))
in SYSTEMPATH\Database\BaseConnection.php on line 647.
 1 SYSTEMPATH\Database\BaseBuilder.php(2307): CodeIgniter\Database\BaseConnection->query('INSERT INTO `ordenes` (`estado`, `observaciones`, `dispositivo_id`) VALUES (:estado:, :observaciones:, :dispositivo_id:)', [...], false)
 2 SYSTEMPATH\Model.php(326): CodeIgniter\Database\BaseBuilder->insert()
 3 SYSTEMPATH\BaseModel.php(802): CodeIgniter\Model->doInsert([...])
 4 SYSTEMPATH\Model.php(744): CodeIgniter\BaseModel->insert([...], true)
 5 APPPATH\Controllers\OrdenController.php(68): CodeIgniter\Model->insert([...])
 6 SYSTEMPATH\CodeIgniter.php(941): App\Controllers\OrdenController->guardarOrden()
 7 SYSTEMPATH\CodeIgniter.php(502): CodeIgniter\CodeIgniter->runController(Object(App\Controllers\OrdenController))
 8 SYSTEMPATH\CodeIgniter.php(361): CodeIgniter\CodeIgniter->handleRequest(null, Object(Config\Cache), false)
 9 FCPATH\index.php(79): CodeIgniter\CodeIgniter->run()
CRITICAL - 2024-03-21 15:52:26 --> [Caused by] CodeIgniter\Database\Exceptions\DatabaseException: Cannot add or update a child row: a foreign key constraint fails (`computrack`.`ordenes`, CONSTRAINT `ordenes_id_foreign` FOREIGN KEY (`id`) REFERENCES `facturas` (`id`))
in SYSTEMPATH\Database\MySQLi\Connection.php on line 311.
 1 SYSTEMPATH\Database\BaseConnection.php(693): CodeIgniter\Database\MySQLi\Connection->execute('INSERT INTO `ordenes` (`estado`, `observaciones`, `dispositivo_id`) VALUES (\'pendiente\', \'NN\', \'2\')')
 2 SYSTEMPATH\Database\BaseConnection.php(607): CodeIgniter\Database\BaseConnection->simpleQuery('INSERT INTO `ordenes` (`estado`, `observaciones`, `dispositivo_id`) VALUES (\'pendiente\', \'NN\', \'2\')')
 3 SYSTEMPATH\Database\BaseBuilder.php(2307): CodeIgniter\Database\BaseConnection->query('INSERT INTO `ordenes` (`estado`, `observaciones`, `dispositivo_id`) VALUES (:estado:, :observaciones:, :dispositivo_id:)', [...], false)
 4 SYSTEMPATH\Model.php(326): CodeIgniter\Database\BaseBuilder->insert()
 5 SYSTEMPATH\BaseModel.php(802): CodeIgniter\Model->doInsert([...])
 6 SYSTEMPATH\Model.php(744): CodeIgniter\BaseModel->insert([...], true)
 7 APPPATH\Controllers\OrdenController.php(68): CodeIgniter\Model->insert([...])
 8 SYSTEMPATH\CodeIgniter.php(941): App\Controllers\OrdenController->guardarOrden()
 9 SYSTEMPATH\CodeIgniter.php(502): CodeIgniter\CodeIgniter->runController(Object(App\Controllers\OrdenController))
10 SYSTEMPATH\CodeIgniter.php(361): CodeIgniter\CodeIgniter->handleRequest(null, Object(Config\Cache), false)
11 FCPATH\index.php(79): CodeIgniter\CodeIgniter->run()
CRITICAL - 2024-03-21 15:52:26 --> [Caused by] mysqli_sql_exception: Cannot add or update a child row: a foreign key constraint fails (`computrack`.`ordenes`, CONSTRAINT `ordenes_id_foreign` FOREIGN KEY (`id`) REFERENCES `facturas` (`id`))
in SYSTEMPATH\Database\MySQLi\Connection.php on line 306.
 1 SYSTEMPATH\Database\MySQLi\Connection.php(306): mysqli->query('INSERT INTO `ordenes` (`estado`, `observaciones`, `dispositivo_id`) VALUES (\'pendiente\', \'NN\', \'2\')', 0)
 2 SYSTEMPATH\Database\BaseConnection.php(693): CodeIgniter\Database\MySQLi\Connection->execute('INSERT INTO `ordenes` (`estado`, `observaciones`, `dispositivo_id`) VALUES (\'pendiente\', \'NN\', \'2\')')
 3 SYSTEMPATH\Database\BaseConnection.php(607): CodeIgniter\Database\BaseConnection->simpleQuery('INSERT INTO `ordenes` (`estado`, `observaciones`, `dispositivo_id`) VALUES (\'pendiente\', \'NN\', \'2\')')
 4 SYSTEMPATH\Database\BaseBuilder.php(2307): CodeIgniter\Database\BaseConnection->query('INSERT INTO `ordenes` (`estado`, `observaciones`, `dispositivo_id`) VALUES (:estado:, :observaciones:, :dispositivo_id:)', [...], false)
 5 SYSTEMPATH\Model.php(326): CodeIgniter\Database\BaseBuilder->insert()
 6 SYSTEMPATH\BaseModel.php(802): CodeIgniter\Model->doInsert([...])
 7 SYSTEMPATH\Model.php(744): CodeIgniter\BaseModel->insert([...], true)
 8 APPPATH\Controllers\OrdenController.php(68): CodeIgniter\Model->insert([...])
 9 SYSTEMPATH\CodeIgniter.php(941): App\Controllers\OrdenController->guardarOrden()
10 SYSTEMPATH\CodeIgniter.php(502): CodeIgniter\CodeIgniter->runController(Object(App\Controllers\OrdenController))
11 SYSTEMPATH\CodeIgniter.php(361): CodeIgniter\CodeIgniter->handleRequest(null, Object(Config\Cache), false)
12 FCPATH\index.php(79): CodeIgniter\CodeIgniter->run()
ERROR - 2024-03-21 15:56:09 --> mysqli_sql_exception: Cannot add or update a child row: a foreign key constraint fails (`computrack`.`ordenes`, CONSTRAINT `ordenes_id_foreign` FOREIGN KEY (`id`) REFERENCES `facturas` (`id`)) in C:\xampp\htdocs\computrack\system\Database\MySQLi\Connection.php:306
Stack trace:
#0 C:\xampp\htdocs\computrack\system\Database\MySQLi\Connection.php(306): mysqli->query('INSERT INTO `or...', 0)
#1 C:\xampp\htdocs\computrack\system\Database\BaseConnection.php(693): CodeIgniter\Database\MySQLi\Connection->execute('INSERT INTO `or...')
#2 C:\xampp\htdocs\computrack\system\Database\BaseConnection.php(607): CodeIgniter\Database\BaseConnection->simpleQuery('INSERT INTO `or...')
#3 C:\xampp\htdocs\computrack\system\Database\BaseBuilder.php(2307): CodeIgniter\Database\BaseConnection->query('INSERT INTO `or...', Array, false)
#4 C:\xampp\htdocs\computrack\system\Model.php(326): CodeIgniter\Database\BaseBuilder->insert()
#5 C:\xampp\htdocs\computrack\system\BaseModel.php(802): CodeIgniter\Model->doInsert(Array)
#6 C:\xampp\htdocs\computrack\system\Model.php(744): CodeIgniter\BaseModel->insert(Array, true)
#7 C:\xampp\htdocs\computrack\app\Controllers\OrdenController.php(68): CodeIgniter\Model->insert(Array)
#8 C:\xampp\htdocs\computrack\system\CodeIgniter.php(941): App\Controllers\OrdenController->guardarOrden()
#9 C:\xampp\htdocs\computrack\system\CodeIgniter.php(502): CodeIgniter\CodeIgniter->runController(Object(App\Controllers\OrdenController))
#10 C:\xampp\htdocs\computrack\system\CodeIgniter.php(361): CodeIgniter\CodeIgniter->handleRequest(NULL, Object(Config\Cache), false)
#11 C:\xampp\htdocs\computrack\public\index.php(79): CodeIgniter\CodeIgniter->run()
#12 {main}
CRITICAL - 2024-03-21 15:56:09 --> CodeIgniter\Database\Exceptions\DatabaseException: Cannot add or update a child row: a foreign key constraint fails (`computrack`.`ordenes`, CONSTRAINT `ordenes_id_foreign` FOREIGN KEY (`id`) REFERENCES `facturas` (`id`))
in SYSTEMPATH\Database\BaseConnection.php on line 647.
 1 SYSTEMPATH\Database\BaseBuilder.php(2307): CodeIgniter\Database\BaseConnection->query('INSERT INTO `ordenes` (`estado`, `observaciones`, `dispositivo_id`) VALUES (:estado:, :observaciones:, :dispositivo_id:)', [...], false)
 2 SYSTEMPATH\Model.php(326): CodeIgniter\Database\BaseBuilder->insert()
 3 SYSTEMPATH\BaseModel.php(802): CodeIgniter\Model->doInsert([...])
 4 SYSTEMPATH\Model.php(744): CodeIgniter\BaseModel->insert([...], true)
 5 APPPATH\Controllers\OrdenController.php(68): CodeIgniter\Model->insert([...])
 6 SYSTEMPATH\CodeIgniter.php(941): App\Controllers\OrdenController->guardarOrden()
 7 SYSTEMPATH\CodeIgniter.php(502): CodeIgniter\CodeIgniter->runController(Object(App\Controllers\OrdenController))
 8 SYSTEMPATH\CodeIgniter.php(361): CodeIgniter\CodeIgniter->handleRequest(null, Object(Config\Cache), false)
 9 FCPATH\index.php(79): CodeIgniter\CodeIgniter->run()
CRITICAL - 2024-03-21 15:56:09 --> [Caused by] CodeIgniter\Database\Exceptions\DatabaseException: Cannot add or update a child row: a foreign key constraint fails (`computrack`.`ordenes`, CONSTRAINT `ordenes_id_foreign` FOREIGN KEY (`id`) REFERENCES `facturas` (`id`))
in SYSTEMPATH\Database\MySQLi\Connection.php on line 311.
 1 SYSTEMPATH\Database\BaseConnection.php(693): CodeIgniter\Database\MySQLi\Connection->execute('INSERT INTO `ordenes` (`estado`, `observaciones`, `dispositivo_id`) VALUES (\'pendiente\', \'NN\', \'3\')')
 2 SYSTEMPATH\Database\BaseConnection.php(607): CodeIgniter\Database\BaseConnection->simpleQuery('INSERT INTO `ordenes` (`estado`, `observaciones`, `dispositivo_id`) VALUES (\'pendiente\', \'NN\', \'3\')')
 3 SYSTEMPATH\Database\BaseBuilder.php(2307): CodeIgniter\Database\BaseConnection->query('INSERT INTO `ordenes` (`estado`, `observaciones`, `dispositivo_id`) VALUES (:estado:, :observaciones:, :dispositivo_id:)', [...], false)
 4 SYSTEMPATH\Model.php(326): CodeIgniter\Database\BaseBuilder->insert()
 5 SYSTEMPATH\BaseModel.php(802): CodeIgniter\Model->doInsert([...])
 6 SYSTEMPATH\Model.php(744): CodeIgniter\BaseModel->insert([...], true)
 7 APPPATH\Controllers\OrdenController.php(68): CodeIgniter\Model->insert([...])
 8 SYSTEMPATH\CodeIgniter.php(941): App\Controllers\OrdenController->guardarOrden()
 9 SYSTEMPATH\CodeIgniter.php(502): CodeIgniter\CodeIgniter->runController(Object(App\Controllers\OrdenController))
10 SYSTEMPATH\CodeIgniter.php(361): CodeIgniter\CodeIgniter->handleRequest(null, Object(Config\Cache), false)
11 FCPATH\index.php(79): CodeIgniter\CodeIgniter->run()
CRITICAL - 2024-03-21 15:56:09 --> [Caused by] mysqli_sql_exception: Cannot add or update a child row: a foreign key constraint fails (`computrack`.`ordenes`, CONSTRAINT `ordenes_id_foreign` FOREIGN KEY (`id`) REFERENCES `facturas` (`id`))
in SYSTEMPATH\Database\MySQLi\Connection.php on line 306.
 1 SYSTEMPATH\Database\MySQLi\Connection.php(306): mysqli->query('INSERT INTO `ordenes` (`estado`, `observaciones`, `dispositivo_id`) VALUES (\'pendiente\', \'NN\', \'3\')', 0)
 2 SYSTEMPATH\Database\BaseConnection.php(693): CodeIgniter\Database\MySQLi\Connection->execute('INSERT INTO `ordenes` (`estado`, `observaciones`, `dispositivo_id`) VALUES (\'pendiente\', \'NN\', \'3\')')
 3 SYSTEMPATH\Database\BaseConnection.php(607): CodeIgniter\Database\BaseConnection->simpleQuery('INSERT INTO `ordenes` (`estado`, `observaciones`, `dispositivo_id`) VALUES (\'pendiente\', \'NN\', \'3\')')
 4 SYSTEMPATH\Database\BaseBuilder.php(2307): CodeIgniter\Database\BaseConnection->query('INSERT INTO `ordenes` (`estado`, `observaciones`, `dispositivo_id`) VALUES (:estado:, :observaciones:, :dispositivo_id:)', [...], false)
 5 SYSTEMPATH\Model.php(326): CodeIgniter\Database\BaseBuilder->insert()
 6 SYSTEMPATH\BaseModel.php(802): CodeIgniter\Model->doInsert([...])
 7 SYSTEMPATH\Model.php(744): CodeIgniter\BaseModel->insert([...], true)
 8 APPPATH\Controllers\OrdenController.php(68): CodeIgniter\Model->insert([...])
 9 SYSTEMPATH\CodeIgniter.php(941): App\Controllers\OrdenController->guardarOrden()
10 SYSTEMPATH\CodeIgniter.php(502): CodeIgniter\CodeIgniter->runController(Object(App\Controllers\OrdenController))
11 SYSTEMPATH\CodeIgniter.php(361): CodeIgniter\CodeIgniter->handleRequest(null, Object(Config\Cache), false)
12 FCPATH\index.php(79): CodeIgniter\CodeIgniter->run()
ERROR - 2024-03-21 15:59:31 --> mysqli_sql_exception: Cannot add or update a child row: a foreign key constraint fails (`computrack`.`ordenes`, CONSTRAINT `ordenes_id_foreign` FOREIGN KEY (`id`) REFERENCES `facturas` (`id`)) in C:\xampp\htdocs\computrack\system\Database\MySQLi\Connection.php:306
Stack trace:
#0 C:\xampp\htdocs\computrack\system\Database\MySQLi\Connection.php(306): mysqli->query('INSERT INTO `or...', 0)
#1 C:\xampp\htdocs\computrack\system\Database\BaseConnection.php(693): CodeIgniter\Database\MySQLi\Connection->execute('INSERT INTO `or...')
#2 C:\xampp\htdocs\computrack\system\Database\BaseConnection.php(607): CodeIgniter\Database\BaseConnection->simpleQuery('INSERT INTO `or...')
#3 C:\xampp\htdocs\computrack\system\Database\BaseBuilder.php(2307): CodeIgniter\Database\BaseConnection->query('INSERT INTO `or...', Array, false)
#4 C:\xampp\htdocs\computrack\system\Model.php(326): CodeIgniter\Database\BaseBuilder->insert()
#5 C:\xampp\htdocs\computrack\system\BaseModel.php(802): CodeIgniter\Model->doInsert(Array)
#6 C:\xampp\htdocs\computrack\system\Model.php(744): CodeIgniter\BaseModel->insert(Array, true)
#7 C:\xampp\htdocs\computrack\app\Controllers\OrdenController.php(68): CodeIgniter\Model->insert(Array)
#8 C:\xampp\htdocs\computrack\system\CodeIgniter.php(941): App\Controllers\OrdenController->guardarOrden()
#9 C:\xampp\htdocs\computrack\system\CodeIgniter.php(502): CodeIgniter\CodeIgniter->runController(Object(App\Controllers\OrdenController))
#10 C:\xampp\htdocs\computrack\system\CodeIgniter.php(361): CodeIgniter\CodeIgniter->handleRequest(NULL, Object(Config\Cache), false)
#11 C:\xampp\htdocs\computrack\public\index.php(79): CodeIgniter\CodeIgniter->run()
#12 {main}
CRITICAL - 2024-03-21 15:59:31 --> CodeIgniter\Database\Exceptions\DatabaseException: Cannot add or update a child row: a foreign key constraint fails (`computrack`.`ordenes`, CONSTRAINT `ordenes_id_foreign` FOREIGN KEY (`id`) REFERENCES `facturas` (`id`))
in SYSTEMPATH\Database\BaseConnection.php on line 647.
 1 SYSTEMPATH\Database\BaseBuilder.php(2307): CodeIgniter\Database\BaseConnection->query('INSERT INTO `ordenes` (`estado`, `observaciones`, `dispositivo_id`) VALUES (:estado:, :observaciones:, :dispositivo_id:)', [...], false)
 2 SYSTEMPATH\Model.php(326): CodeIgniter\Database\BaseBuilder->insert()
 3 SYSTEMPATH\BaseModel.php(802): CodeIgniter\Model->doInsert([...])
 4 SYSTEMPATH\Model.php(744): CodeIgniter\BaseModel->insert([...], true)
 5 APPPATH\Controllers\OrdenController.php(68): CodeIgniter\Model->insert([...])
 6 SYSTEMPATH\CodeIgniter.php(941): App\Controllers\OrdenController->guardarOrden()
 7 SYSTEMPATH\CodeIgniter.php(502): CodeIgniter\CodeIgniter->runController(Object(App\Controllers\OrdenController))
 8 SYSTEMPATH\CodeIgniter.php(361): CodeIgniter\CodeIgniter->handleRequest(null, Object(Config\Cache), false)
 9 FCPATH\index.php(79): CodeIgniter\CodeIgniter->run()
CRITICAL - 2024-03-21 15:59:31 --> [Caused by] CodeIgniter\Database\Exceptions\DatabaseException: Cannot add or update a child row: a foreign key constraint fails (`computrack`.`ordenes`, CONSTRAINT `ordenes_id_foreign` FOREIGN KEY (`id`) REFERENCES `facturas` (`id`))
in SYSTEMPATH\Database\MySQLi\Connection.php on line 311.
 1 SYSTEMPATH\Database\BaseConnection.php(693): CodeIgniter\Database\MySQLi\Connection->execute('INSERT INTO `ordenes` (`estado`, `observaciones`, `dispositivo_id`) VALUES (\'pendiente\', \'nnnnn\', \'3\')')
 2 SYSTEMPATH\Database\BaseConnection.php(607): CodeIgniter\Database\BaseConnection->simpleQuery('INSERT INTO `ordenes` (`estado`, `observaciones`, `dispositivo_id`) VALUES (\'pendiente\', \'nnnnn\', \'3\')')
 3 SYSTEMPATH\Database\BaseBuilder.php(2307): CodeIgniter\Database\BaseConnection->query('INSERT INTO `ordenes` (`estado`, `observaciones`, `dispositivo_id`) VALUES (:estado:, :observaciones:, :dispositivo_id:)', [...], false)
 4 SYSTEMPATH\Model.php(326): CodeIgniter\Database\BaseBuilder->insert()
 5 SYSTEMPATH\BaseModel.php(802): CodeIgniter\Model->doInsert([...])
 6 SYSTEMPATH\Model.php(744): CodeIgniter\BaseModel->insert([...], true)
 7 APPPATH\Controllers\OrdenController.php(68): CodeIgniter\Model->insert([...])
 8 SYSTEMPATH\CodeIgniter.php(941): App\Controllers\OrdenController->guardarOrden()
 9 SYSTEMPATH\CodeIgniter.php(502): CodeIgniter\CodeIgniter->runController(Object(App\Controllers\OrdenController))
10 SYSTEMPATH\CodeIgniter.php(361): CodeIgniter\CodeIgniter->handleRequest(null, Object(Config\Cache), false)
11 FCPATH\index.php(79): CodeIgniter\CodeIgniter->run()
CRITICAL - 2024-03-21 15:59:31 --> [Caused by] mysqli_sql_exception: Cannot add or update a child row: a foreign key constraint fails (`computrack`.`ordenes`, CONSTRAINT `ordenes_id_foreign` FOREIGN KEY (`id`) REFERENCES `facturas` (`id`))
in SYSTEMPATH\Database\MySQLi\Connection.php on line 306.
 1 SYSTEMPATH\Database\MySQLi\Connection.php(306): mysqli->query('INSERT INTO `ordenes` (`estado`, `observaciones`, `dispositivo_id`) VALUES (\'pendiente\', \'nnnnn\', \'3\')', 0)
 2 SYSTEMPATH\Database\BaseConnection.php(693): CodeIgniter\Database\MySQLi\Connection->execute('INSERT INTO `ordenes` (`estado`, `observaciones`, `dispositivo_id`) VALUES (\'pendiente\', \'nnnnn\', \'3\')')
 3 SYSTEMPATH\Database\BaseConnection.php(607): CodeIgniter\Database\BaseConnection->simpleQuery('INSERT INTO `ordenes` (`estado`, `observaciones`, `dispositivo_id`) VALUES (\'pendiente\', \'nnnnn\', \'3\')')
 4 SYSTEMPATH\Database\BaseBuilder.php(2307): CodeIgniter\Database\BaseConnection->query('INSERT INTO `ordenes` (`estado`, `observaciones`, `dispositivo_id`) VALUES (:estado:, :observaciones:, :dispositivo_id:)', [...], false)
 5 SYSTEMPATH\Model.php(326): CodeIgniter\Database\BaseBuilder->insert()
 6 SYSTEMPATH\BaseModel.php(802): CodeIgniter\Model->doInsert([...])
 7 SYSTEMPATH\Model.php(744): CodeIgniter\BaseModel->insert([...], true)
 8 APPPATH\Controllers\OrdenController.php(68): CodeIgniter\Model->insert([...])
 9 SYSTEMPATH\CodeIgniter.php(941): App\Controllers\OrdenController->guardarOrden()
10 SYSTEMPATH\CodeIgniter.php(502): CodeIgniter\CodeIgniter->runController(Object(App\Controllers\OrdenController))
11 SYSTEMPATH\CodeIgniter.php(361): CodeIgniter\CodeIgniter->handleRequest(null, Object(Config\Cache), false)
12 FCPATH\index.php(79): CodeIgniter\CodeIgniter->run()
ERROR - 2024-03-21 16:01:35 --> mysqli_sql_exception: Cannot add or update a child row: a foreign key constraint fails (`computrack`.`ordenes`, CONSTRAINT `ordenes_id_foreign` FOREIGN KEY (`id`) REFERENCES `facturas` (`id`)) in C:\xampp\htdocs\computrack\system\Database\MySQLi\Connection.php:306
Stack trace:
#0 C:\xampp\htdocs\computrack\system\Database\MySQLi\Connection.php(306): mysqli->query('INSERT INTO `or...', 0)
#1 C:\xampp\htdocs\computrack\system\Database\BaseConnection.php(693): CodeIgniter\Database\MySQLi\Connection->execute('INSERT INTO `or...')
#2 C:\xampp\htdocs\computrack\system\Database\BaseConnection.php(607): CodeIgniter\Database\BaseConnection->simpleQuery('INSERT INTO `or...')
#3 C:\xampp\htdocs\computrack\system\Database\BaseBuilder.php(2307): CodeIgniter\Database\BaseConnection->query('INSERT INTO `or...', Array, false)
#4 C:\xampp\htdocs\computrack\system\Model.php(326): CodeIgniter\Database\BaseBuilder->insert()
#5 C:\xampp\htdocs\computrack\system\BaseModel.php(802): CodeIgniter\Model->doInsert(Array)
#6 C:\xampp\htdocs\computrack\system\Model.php(744): CodeIgniter\BaseModel->insert(Array, true)
#7 C:\xampp\htdocs\computrack\app\Controllers\OrdenController.php(68): CodeIgniter\Model->insert(Array)
#8 C:\xampp\htdocs\computrack\system\CodeIgniter.php(941): App\Controllers\OrdenController->guardarOrden()
#9 C:\xampp\htdocs\computrack\system\CodeIgniter.php(502): CodeIgniter\CodeIgniter->runController(Object(App\Controllers\OrdenController))
#10 C:\xampp\htdocs\computrack\system\CodeIgniter.php(361): CodeIgniter\CodeIgniter->handleRequest(NULL, Object(Config\Cache), false)
#11 C:\xampp\htdocs\computrack\public\index.php(79): CodeIgniter\CodeIgniter->run()
#12 {main}
CRITICAL - 2024-03-21 16:01:35 --> CodeIgniter\Database\Exceptions\DatabaseException: Cannot add or update a child row: a foreign key constraint fails (`computrack`.`ordenes`, CONSTRAINT `ordenes_id_foreign` FOREIGN KEY (`id`) REFERENCES `facturas` (`id`))
in SYSTEMPATH\Database\BaseConnection.php on line 647.
 1 SYSTEMPATH\Database\BaseBuilder.php(2307): CodeIgniter\Database\BaseConnection->query('INSERT INTO `ordenes` (`estado`, `observaciones`, `dispositivo_id`) VALUES (:estado:, :observaciones:, :dispositivo_id:)', [...], false)
 2 SYSTEMPATH\Model.php(326): CodeIgniter\Database\BaseBuilder->insert()
 3 SYSTEMPATH\BaseModel.php(802): CodeIgniter\Model->doInsert([...])
 4 SYSTEMPATH\Model.php(744): CodeIgniter\BaseModel->insert([...], true)
 5 APPPATH\Controllers\OrdenController.php(68): CodeIgniter\Model->insert([...])
 6 SYSTEMPATH\CodeIgniter.php(941): App\Controllers\OrdenController->guardarOrden()
 7 SYSTEMPATH\CodeIgniter.php(502): CodeIgniter\CodeIgniter->runController(Object(App\Controllers\OrdenController))
 8 SYSTEMPATH\CodeIgniter.php(361): CodeIgniter\CodeIgniter->handleRequest(null, Object(Config\Cache), false)
 9 FCPATH\index.php(79): CodeIgniter\CodeIgniter->run()
CRITICAL - 2024-03-21 16:01:35 --> [Caused by] CodeIgniter\Database\Exceptions\DatabaseException: Cannot add or update a child row: a foreign key constraint fails (`computrack`.`ordenes`, CONSTRAINT `ordenes_id_foreign` FOREIGN KEY (`id`) REFERENCES `facturas` (`id`))
in SYSTEMPATH\Database\MySQLi\Connection.php on line 311.
 1 SYSTEMPATH\Database\BaseConnection.php(693): CodeIgniter\Database\MySQLi\Connection->execute('INSERT INTO `ordenes` (`estado`, `observaciones`, `dispositivo_id`) VALUES (\'pendiente\', \'nnnn\', \'3\')')
 2 SYSTEMPATH\Database\BaseConnection.php(607): CodeIgniter\Database\BaseConnection->simpleQuery('INSERT INTO `ordenes` (`estado`, `observaciones`, `dispositivo_id`) VALUES (\'pendiente\', \'nnnn\', \'3\')')
 3 SYSTEMPATH\Database\BaseBuilder.php(2307): CodeIgniter\Database\BaseConnection->query('INSERT INTO `ordenes` (`estado`, `observaciones`, `dispositivo_id`) VALUES (:estado:, :observaciones:, :dispositivo_id:)', [...], false)
 4 SYSTEMPATH\Model.php(326): CodeIgniter\Database\BaseBuilder->insert()
 5 SYSTEMPATH\BaseModel.php(802): CodeIgniter\Model->doInsert([...])
 6 SYSTEMPATH\Model.php(744): CodeIgniter\BaseModel->insert([...], true)
 7 APPPATH\Controllers\OrdenController.php(68): CodeIgniter\Model->insert([...])
 8 SYSTEMPATH\CodeIgniter.php(941): App\Controllers\OrdenController->guardarOrden()
 9 SYSTEMPATH\CodeIgniter.php(502): CodeIgniter\CodeIgniter->runController(Object(App\Controllers\OrdenController))
10 SYSTEMPATH\CodeIgniter.php(361): CodeIgniter\CodeIgniter->handleRequest(null, Object(Config\Cache), false)
11 FCPATH\index.php(79): CodeIgniter\CodeIgniter->run()
CRITICAL - 2024-03-21 16:01:35 --> [Caused by] mysqli_sql_exception: Cannot add or update a child row: a foreign key constraint fails (`computrack`.`ordenes`, CONSTRAINT `ordenes_id_foreign` FOREIGN KEY (`id`) REFERENCES `facturas` (`id`))
in SYSTEMPATH\Database\MySQLi\Connection.php on line 306.
 1 SYSTEMPATH\Database\MySQLi\Connection.php(306): mysqli->query('INSERT INTO `ordenes` (`estado`, `observaciones`, `dispositivo_id`) VALUES (\'pendiente\', \'nnnn\', \'3\')', 0)
 2 SYSTEMPATH\Database\BaseConnection.php(693): CodeIgniter\Database\MySQLi\Connection->execute('INSERT INTO `ordenes` (`estado`, `observaciones`, `dispositivo_id`) VALUES (\'pendiente\', \'nnnn\', \'3\')')
 3 SYSTEMPATH\Database\BaseConnection.php(607): CodeIgniter\Database\BaseConnection->simpleQuery('INSERT INTO `ordenes` (`estado`, `observaciones`, `dispositivo_id`) VALUES (\'pendiente\', \'nnnn\', \'3\')')
 4 SYSTEMPATH\Database\BaseBuilder.php(2307): CodeIgniter\Database\BaseConnection->query('INSERT INTO `ordenes` (`estado`, `observaciones`, `dispositivo_id`) VALUES (:estado:, :observaciones:, :dispositivo_id:)', [...], false)
 5 SYSTEMPATH\Model.php(326): CodeIgniter\Database\BaseBuilder->insert()
 6 SYSTEMPATH\BaseModel.php(802): CodeIgniter\Model->doInsert([...])
 7 SYSTEMPATH\Model.php(744): CodeIgniter\BaseModel->insert([...], true)
 8 APPPATH\Controllers\OrdenController.php(68): CodeIgniter\Model->insert([...])
 9 SYSTEMPATH\CodeIgniter.php(941): App\Controllers\OrdenController->guardarOrden()
10 SYSTEMPATH\CodeIgniter.php(502): CodeIgniter\CodeIgniter->runController(Object(App\Controllers\OrdenController))
11 SYSTEMPATH\CodeIgniter.php(361): CodeIgniter\CodeIgniter->handleRequest(null, Object(Config\Cache), false)
12 FCPATH\index.php(79): CodeIgniter\CodeIgniter->run()
ERROR - 2024-03-21 16:06:55 --> mysqli_sql_exception: Cannot add or update a child row: a foreign key constraint fails (`computrack`.`ordenes`, CONSTRAINT `ordenes_id_foreign` FOREIGN KEY (`id`) REFERENCES `facturas` (`id`)) in C:\xampp\htdocs\computrack\system\Database\MySQLi\Connection.php:306
Stack trace:
#0 C:\xampp\htdocs\computrack\system\Database\MySQLi\Connection.php(306): mysqli->query('INSERT INTO `or...', 0)
#1 C:\xampp\htdocs\computrack\system\Database\BaseConnection.php(693): CodeIgniter\Database\MySQLi\Connection->execute('INSERT INTO `or...')
#2 C:\xampp\htdocs\computrack\system\Database\BaseConnection.php(607): CodeIgniter\Database\BaseConnection->simpleQuery('INSERT INTO `or...')
#3 C:\xampp\htdocs\computrack\system\Database\BaseBuilder.php(2307): CodeIgniter\Database\BaseConnection->query('INSERT INTO `or...', Array, false)
#4 C:\xampp\htdocs\computrack\system\Model.php(326): CodeIgniter\Database\BaseBuilder->insert()
#5 C:\xampp\htdocs\computrack\system\BaseModel.php(802): CodeIgniter\Model->doInsert(Array)
#6 C:\xampp\htdocs\computrack\system\Model.php(744): CodeIgniter\BaseModel->insert(Array, true)
#7 C:\xampp\htdocs\computrack\app\Controllers\OrdenController.php(68): CodeIgniter\Model->insert(Array)
#8 C:\xampp\htdocs\computrack\system\CodeIgniter.php(941): App\Controllers\OrdenController->guardarOrden()
#9 C:\xampp\htdocs\computrack\system\CodeIgniter.php(502): CodeIgniter\CodeIgniter->runController(Object(App\Controllers\OrdenController))
#10 C:\xampp\htdocs\computrack\system\CodeIgniter.php(361): CodeIgniter\CodeIgniter->handleRequest(NULL, Object(Config\Cache), false)
#11 C:\xampp\htdocs\computrack\public\index.php(79): CodeIgniter\CodeIgniter->run()
#12 {main}
CRITICAL - 2024-03-21 16:06:55 --> CodeIgniter\Database\Exceptions\DatabaseException: Cannot add or update a child row: a foreign key constraint fails (`computrack`.`ordenes`, CONSTRAINT `ordenes_id_foreign` FOREIGN KEY (`id`) REFERENCES `facturas` (`id`))
in SYSTEMPATH\Database\BaseConnection.php on line 647.
 1 SYSTEMPATH\Database\BaseBuilder.php(2307): CodeIgniter\Database\BaseConnection->query('INSERT INTO `ordenes` (`estado`, `observaciones`, `dispositivo_id`) VALUES (:estado:, :observaciones:, :dispositivo_id:)', [...], false)
 2 SYSTEMPATH\Model.php(326): CodeIgniter\Database\BaseBuilder->insert()
 3 SYSTEMPATH\BaseModel.php(802): CodeIgniter\Model->doInsert([...])
 4 SYSTEMPATH\Model.php(744): CodeIgniter\BaseModel->insert([...], true)
 5 APPPATH\Controllers\OrdenController.php(68): CodeIgniter\Model->insert([...])
 6 SYSTEMPATH\CodeIgniter.php(941): App\Controllers\OrdenController->guardarOrden()
 7 SYSTEMPATH\CodeIgniter.php(502): CodeIgniter\CodeIgniter->runController(Object(App\Controllers\OrdenController))
 8 SYSTEMPATH\CodeIgniter.php(361): CodeIgniter\CodeIgniter->handleRequest(null, Object(Config\Cache), false)
 9 FCPATH\index.php(79): CodeIgniter\CodeIgniter->run()
CRITICAL - 2024-03-21 16:06:55 --> [Caused by] CodeIgniter\Database\Exceptions\DatabaseException: Cannot add or update a child row: a foreign key constraint fails (`computrack`.`ordenes`, CONSTRAINT `ordenes_id_foreign` FOREIGN KEY (`id`) REFERENCES `facturas` (`id`))
in SYSTEMPATH\Database\MySQLi\Connection.php on line 311.
 1 SYSTEMPATH\Database\BaseConnection.php(693): CodeIgniter\Database\MySQLi\Connection->execute('INSERT INTO `ordenes` (`estado`, `observaciones`, `dispositivo_id`) VALUES (\'pendiente\', \'nnnn\', \'3\')')
 2 SYSTEMPATH\Database\BaseConnection.php(607): CodeIgniter\Database\BaseConnection->simpleQuery('INSERT INTO `ordenes` (`estado`, `observaciones`, `dispositivo_id`) VALUES (\'pendiente\', \'nnnn\', \'3\')')
 3 SYSTEMPATH\Database\BaseBuilder.php(2307): CodeIgniter\Database\BaseConnection->query('INSERT INTO `ordenes` (`estado`, `observaciones`, `dispositivo_id`) VALUES (:estado:, :observaciones:, :dispositivo_id:)', [...], false)
 4 SYSTEMPATH\Model.php(326): CodeIgniter\Database\BaseBuilder->insert()
 5 SYSTEMPATH\BaseModel.php(802): CodeIgniter\Model->doInsert([...])
 6 SYSTEMPATH\Model.php(744): CodeIgniter\BaseModel->insert([...], true)
 7 APPPATH\Controllers\OrdenController.php(68): CodeIgniter\Model->insert([...])
 8 SYSTEMPATH\CodeIgniter.php(941): App\Controllers\OrdenController->guardarOrden()
 9 SYSTEMPATH\CodeIgniter.php(502): CodeIgniter\CodeIgniter->runController(Object(App\Controllers\OrdenController))
10 SYSTEMPATH\CodeIgniter.php(361): CodeIgniter\CodeIgniter->handleRequest(null, Object(Config\Cache), false)
11 FCPATH\index.php(79): CodeIgniter\CodeIgniter->run()
CRITICAL - 2024-03-21 16:06:55 --> [Caused by] mysqli_sql_exception: Cannot add or update a child row: a foreign key constraint fails (`computrack`.`ordenes`, CONSTRAINT `ordenes_id_foreign` FOREIGN KEY (`id`) REFERENCES `facturas` (`id`))
in SYSTEMPATH\Database\MySQLi\Connection.php on line 306.
 1 SYSTEMPATH\Database\MySQLi\Connection.php(306): mysqli->query('INSERT INTO `ordenes` (`estado`, `observaciones`, `dispositivo_id`) VALUES (\'pendiente\', \'nnnn\', \'3\')', 0)
 2 SYSTEMPATH\Database\BaseConnection.php(693): CodeIgniter\Database\MySQLi\Connection->execute('INSERT INTO `ordenes` (`estado`, `observaciones`, `dispositivo_id`) VALUES (\'pendiente\', \'nnnn\', \'3\')')
 3 SYSTEMPATH\Database\BaseConnection.php(607): CodeIgniter\Database\BaseConnection->simpleQuery('INSERT INTO `ordenes` (`estado`, `observaciones`, `dispositivo_id`) VALUES (\'pendiente\', \'nnnn\', \'3\')')
 4 SYSTEMPATH\Database\BaseBuilder.php(2307): CodeIgniter\Database\BaseConnection->query('INSERT INTO `ordenes` (`estado`, `observaciones`, `dispositivo_id`) VALUES (:estado:, :observaciones:, :dispositivo_id:)', [...], false)
 5 SYSTEMPATH\Model.php(326): CodeIgniter\Database\BaseBuilder->insert()
 6 SYSTEMPATH\BaseModel.php(802): CodeIgniter\Model->doInsert([...])
 7 SYSTEMPATH\Model.php(744): CodeIgniter\BaseModel->insert([...], true)
 8 APPPATH\Controllers\OrdenController.php(68): CodeIgniter\Model->insert([...])
 9 SYSTEMPATH\CodeIgniter.php(941): App\Controllers\OrdenController->guardarOrden()
10 SYSTEMPATH\CodeIgniter.php(502): CodeIgniter\CodeIgniter->runController(Object(App\Controllers\OrdenController))
11 SYSTEMPATH\CodeIgniter.php(361): CodeIgniter\CodeIgniter->handleRequest(null, Object(Config\Cache), false)
12 FCPATH\index.php(79): CodeIgniter\CodeIgniter->run()
ERROR - 2024-03-21 16:14:10 --> mysqli_sql_exception: Cannot add or update a child row: a foreign key constraint fails (`computrack`.`ordenes`, CONSTRAINT `ordenes_id_foreign` FOREIGN KEY (`id`) REFERENCES `facturas` (`id`)) in C:\xampp\htdocs\computrack\system\Database\MySQLi\Connection.php:306
Stack trace:
#0 C:\xampp\htdocs\computrack\system\Database\MySQLi\Connection.php(306): mysqli->query('INSERT INTO `or...', 0)
#1 C:\xampp\htdocs\computrack\system\Database\BaseConnection.php(693): CodeIgniter\Database\MySQLi\Connection->execute('INSERT INTO `or...')
#2 C:\xampp\htdocs\computrack\system\Database\BaseConnection.php(607): CodeIgniter\Database\BaseConnection->simpleQuery('INSERT INTO `or...')
#3 C:\xampp\htdocs\computrack\system\Database\BaseBuilder.php(2307): CodeIgniter\Database\BaseConnection->query('INSERT INTO `or...', Array, false)
#4 C:\xampp\htdocs\computrack\system\Model.php(326): CodeIgniter\Database\BaseBuilder->insert()
#5 C:\xampp\htdocs\computrack\system\BaseModel.php(802): CodeIgniter\Model->doInsert(Array)
#6 C:\xampp\htdocs\computrack\system\Model.php(744): CodeIgniter\BaseModel->insert(Array, true)
#7 C:\xampp\htdocs\computrack\app\Controllers\OrdenController.php(68): CodeIgniter\Model->insert(Array)
#8 C:\xampp\htdocs\computrack\system\CodeIgniter.php(941): App\Controllers\OrdenController->guardarOrden()
#9 C:\xampp\htdocs\computrack\system\CodeIgniter.php(502): CodeIgniter\CodeIgniter->runController(Object(App\Controllers\OrdenController))
#10 C:\xampp\htdocs\computrack\system\CodeIgniter.php(361): CodeIgniter\CodeIgniter->handleRequest(NULL, Object(Config\Cache), false)
#11 C:\xampp\htdocs\computrack\public\index.php(79): CodeIgniter\CodeIgniter->run()
#12 {main}
CRITICAL - 2024-03-21 16:14:10 --> CodeIgniter\Database\Exceptions\DatabaseException: Cannot add or update a child row: a foreign key constraint fails (`computrack`.`ordenes`, CONSTRAINT `ordenes_id_foreign` FOREIGN KEY (`id`) REFERENCES `facturas` (`id`))
in SYSTEMPATH\Database\BaseConnection.php on line 647.
 1 SYSTEMPATH\Database\BaseBuilder.php(2307): CodeIgniter\Database\BaseConnection->query('INSERT INTO `ordenes` (`estado`, `observaciones`, `dispositivo_id`) VALUES (:estado:, :observaciones:, :dispositivo_id:)', [...], false)
 2 SYSTEMPATH\Model.php(326): CodeIgniter\Database\BaseBuilder->insert()
 3 SYSTEMPATH\BaseModel.php(802): CodeIgniter\Model->doInsert([...])
 4 SYSTEMPATH\Model.php(744): CodeIgniter\BaseModel->insert([...], true)
 5 APPPATH\Controllers\OrdenController.php(68): CodeIgniter\Model->insert([...])
 6 SYSTEMPATH\CodeIgniter.php(941): App\Controllers\OrdenController->guardarOrden()
 7 SYSTEMPATH\CodeIgniter.php(502): CodeIgniter\CodeIgniter->runController(Object(App\Controllers\OrdenController))
 8 SYSTEMPATH\CodeIgniter.php(361): CodeIgniter\CodeIgniter->handleRequest(null, Object(Config\Cache), false)
 9 FCPATH\index.php(79): CodeIgniter\CodeIgniter->run()
CRITICAL - 2024-03-21 16:14:10 --> [Caused by] CodeIgniter\Database\Exceptions\DatabaseException: Cannot add or update a child row: a foreign key constraint fails (`computrack`.`ordenes`, CONSTRAINT `ordenes_id_foreign` FOREIGN KEY (`id`) REFERENCES `facturas` (`id`))
in SYSTEMPATH\Database\MySQLi\Connection.php on line 311.
 1 SYSTEMPATH\Database\BaseConnection.php(693): CodeIgniter\Database\MySQLi\Connection->execute('INSERT INTO `ordenes` (`estado`, `observaciones`, `dispositivo_id`) VALUES (\'pendiente\', \'nnnn\', \'2\')')
 2 SYSTEMPATH\Database\BaseConnection.php(607): CodeIgniter\Database\BaseConnection->simpleQuery('INSERT INTO `ordenes` (`estado`, `observaciones`, `dispositivo_id`) VALUES (\'pendiente\', \'nnnn\', \'2\')')
 3 SYSTEMPATH\Database\BaseBuilder.php(2307): CodeIgniter\Database\BaseConnection->query('INSERT INTO `ordenes` (`estado`, `observaciones`, `dispositivo_id`) VALUES (:estado:, :observaciones:, :dispositivo_id:)', [...], false)
 4 SYSTEMPATH\Model.php(326): CodeIgniter\Database\BaseBuilder->insert()
 5 SYSTEMPATH\BaseModel.php(802): CodeIgniter\Model->doInsert([...])
 6 SYSTEMPATH\Model.php(744): CodeIgniter\BaseModel->insert([...], true)
 7 APPPATH\Controllers\OrdenController.php(68): CodeIgniter\Model->insert([...])
 8 SYSTEMPATH\CodeIgniter.php(941): App\Controllers\OrdenController->guardarOrden()
 9 SYSTEMPATH\CodeIgniter.php(502): CodeIgniter\CodeIgniter->runController(Object(App\Controllers\OrdenController))
10 SYSTEMPATH\CodeIgniter.php(361): CodeIgniter\CodeIgniter->handleRequest(null, Object(Config\Cache), false)
11 FCPATH\index.php(79): CodeIgniter\CodeIgniter->run()
CRITICAL - 2024-03-21 16:14:10 --> [Caused by] mysqli_sql_exception: Cannot add or update a child row: a foreign key constraint fails (`computrack`.`ordenes`, CONSTRAINT `ordenes_id_foreign` FOREIGN KEY (`id`) REFERENCES `facturas` (`id`))
in SYSTEMPATH\Database\MySQLi\Connection.php on line 306.
 1 SYSTEMPATH\Database\MySQLi\Connection.php(306): mysqli->query('INSERT INTO `ordenes` (`estado`, `observaciones`, `dispositivo_id`) VALUES (\'pendiente\', \'nnnn\', \'2\')', 0)
 2 SYSTEMPATH\Database\BaseConnection.php(693): CodeIgniter\Database\MySQLi\Connection->execute('INSERT INTO `ordenes` (`estado`, `observaciones`, `dispositivo_id`) VALUES (\'pendiente\', \'nnnn\', \'2\')')
 3 SYSTEMPATH\Database\BaseConnection.php(607): CodeIgniter\Database\BaseConnection->simpleQuery('INSERT INTO `ordenes` (`estado`, `observaciones`, `dispositivo_id`) VALUES (\'pendiente\', \'nnnn\', \'2\')')
 4 SYSTEMPATH\Database\BaseBuilder.php(2307): CodeIgniter\Database\BaseConnection->query('INSERT INTO `ordenes` (`estado`, `observaciones`, `dispositivo_id`) VALUES (:estado:, :observaciones:, :dispositivo_id:)', [...], false)
 5 SYSTEMPATH\Model.php(326): CodeIgniter\Database\BaseBuilder->insert()
 6 SYSTEMPATH\BaseModel.php(802): CodeIgniter\Model->doInsert([...])
 7 SYSTEMPATH\Model.php(744): CodeIgniter\BaseModel->insert([...], true)
 8 APPPATH\Controllers\OrdenController.php(68): CodeIgniter\Model->insert([...])
 9 SYSTEMPATH\CodeIgniter.php(941): App\Controllers\OrdenController->guardarOrden()
10 SYSTEMPATH\CodeIgniter.php(502): CodeIgniter\CodeIgniter->runController(Object(App\Controllers\OrdenController))
11 SYSTEMPATH\CodeIgniter.php(361): CodeIgniter\CodeIgniter->handleRequest(null, Object(Config\Cache), false)
12 FCPATH\index.php(79): CodeIgniter\CodeIgniter->run()
ERROR - 2024-03-21 16:15:34 --> mysqli_sql_exception: Cannot add or update a child row: a foreign key constraint fails (`computrack`.`ordenes`, CONSTRAINT `ordenes_id_foreign` FOREIGN KEY (`id`) REFERENCES `facturas` (`id`)) in C:\xampp\htdocs\computrack\system\Database\MySQLi\Connection.php:306
Stack trace:
#0 C:\xampp\htdocs\computrack\system\Database\MySQLi\Connection.php(306): mysqli->query('INSERT INTO `or...', 0)
#1 C:\xampp\htdocs\computrack\system\Database\BaseConnection.php(693): CodeIgniter\Database\MySQLi\Connection->execute('INSERT INTO `or...')
#2 C:\xampp\htdocs\computrack\system\Database\BaseConnection.php(607): CodeIgniter\Database\BaseConnection->simpleQuery('INSERT INTO `or...')
#3 C:\xampp\htdocs\computrack\system\Database\BaseBuilder.php(2307): CodeIgniter\Database\BaseConnection->query('INSERT INTO `or...', Array, false)
#4 C:\xampp\htdocs\computrack\system\Model.php(326): CodeIgniter\Database\BaseBuilder->insert()
#5 C:\xampp\htdocs\computrack\system\BaseModel.php(802): CodeIgniter\Model->doInsert(Array)
#6 C:\xampp\htdocs\computrack\system\Model.php(744): CodeIgniter\BaseModel->insert(Array, true)
#7 C:\xampp\htdocs\computrack\app\Controllers\OrdenController.php(68): CodeIgniter\Model->insert(Array)
#8 C:\xampp\htdocs\computrack\system\CodeIgniter.php(941): App\Controllers\OrdenController->guardarOrden()
#9 C:\xampp\htdocs\computrack\system\CodeIgniter.php(502): CodeIgniter\CodeIgniter->runController(Object(App\Controllers\OrdenController))
#10 C:\xampp\htdocs\computrack\system\CodeIgniter.php(361): CodeIgniter\CodeIgniter->handleRequest(NULL, Object(Config\Cache), false)
#11 C:\xampp\htdocs\computrack\public\index.php(79): CodeIgniter\CodeIgniter->run()
#12 {main}
CRITICAL - 2024-03-21 16:15:34 --> CodeIgniter\Database\Exceptions\DatabaseException: Cannot add or update a child row: a foreign key constraint fails (`computrack`.`ordenes`, CONSTRAINT `ordenes_id_foreign` FOREIGN KEY (`id`) REFERENCES `facturas` (`id`))
in SYSTEMPATH\Database\BaseConnection.php on line 647.
 1 SYSTEMPATH\Database\BaseBuilder.php(2307): CodeIgniter\Database\BaseConnection->query('INSERT INTO `ordenes` (`estado`, `observaciones`, `dispositivo_id`) VALUES (:estado:, :observaciones:, :dispositivo_id:)', [...], false)
 2 SYSTEMPATH\Model.php(326): CodeIgniter\Database\BaseBuilder->insert()
 3 SYSTEMPATH\BaseModel.php(802): CodeIgniter\Model->doInsert([...])
 4 SYSTEMPATH\Model.php(744): CodeIgniter\BaseModel->insert([...], true)
 5 APPPATH\Controllers\OrdenController.php(68): CodeIgniter\Model->insert([...])
 6 SYSTEMPATH\CodeIgniter.php(941): App\Controllers\OrdenController->guardarOrden()
 7 SYSTEMPATH\CodeIgniter.php(502): CodeIgniter\CodeIgniter->runController(Object(App\Controllers\OrdenController))
 8 SYSTEMPATH\CodeIgniter.php(361): CodeIgniter\CodeIgniter->handleRequest(null, Object(Config\Cache), false)
 9 FCPATH\index.php(79): CodeIgniter\CodeIgniter->run()
CRITICAL - 2024-03-21 16:15:34 --> [Caused by] CodeIgniter\Database\Exceptions\DatabaseException: Cannot add or update a child row: a foreign key constraint fails (`computrack`.`ordenes`, CONSTRAINT `ordenes_id_foreign` FOREIGN KEY (`id`) REFERENCES `facturas` (`id`))
in SYSTEMPATH\Database\MySQLi\Connection.php on line 311.
 1 SYSTEMPATH\Database\BaseConnection.php(693): CodeIgniter\Database\MySQLi\Connection->execute('INSERT INTO `ordenes` (`estado`, `observaciones`, `dispositivo_id`) VALUES (\'pendiente\', \'nnnn\', \'3\')')
 2 SYSTEMPATH\Database\BaseConnection.php(607): CodeIgniter\Database\BaseConnection->simpleQuery('INSERT INTO `ordenes` (`estado`, `observaciones`, `dispositivo_id`) VALUES (\'pendiente\', \'nnnn\', \'3\')')
 3 SYSTEMPATH\Database\BaseBuilder.php(2307): CodeIgniter\Database\BaseConnection->query('INSERT INTO `ordenes` (`estado`, `observaciones`, `dispositivo_id`) VALUES (:estado:, :observaciones:, :dispositivo_id:)', [...], false)
 4 SYSTEMPATH\Model.php(326): CodeIgniter\Database\BaseBuilder->insert()
 5 SYSTEMPATH\BaseModel.php(802): CodeIgniter\Model->doInsert([...])
 6 SYSTEMPATH\Model.php(744): CodeIgniter\BaseModel->insert([...], true)
 7 APPPATH\Controllers\OrdenController.php(68): CodeIgniter\Model->insert([...])
 8 SYSTEMPATH\CodeIgniter.php(941): App\Controllers\OrdenController->guardarOrden()
 9 SYSTEMPATH\CodeIgniter.php(502): CodeIgniter\CodeIgniter->runController(Object(App\Controllers\OrdenController))
10 SYSTEMPATH\CodeIgniter.php(361): CodeIgniter\CodeIgniter->handleRequest(null, Object(Config\Cache), false)
11 FCPATH\index.php(79): CodeIgniter\CodeIgniter->run()
CRITICAL - 2024-03-21 16:15:34 --> [Caused by] mysqli_sql_exception: Cannot add or update a child row: a foreign key constraint fails (`computrack`.`ordenes`, CONSTRAINT `ordenes_id_foreign` FOREIGN KEY (`id`) REFERENCES `facturas` (`id`))
in SYSTEMPATH\Database\MySQLi\Connection.php on line 306.
 1 SYSTEMPATH\Database\MySQLi\Connection.php(306): mysqli->query('INSERT INTO `ordenes` (`estado`, `observaciones`, `dispositivo_id`) VALUES (\'pendiente\', \'nnnn\', \'3\')', 0)
 2 SYSTEMPATH\Database\BaseConnection.php(693): CodeIgniter\Database\MySQLi\Connection->execute('INSERT INTO `ordenes` (`estado`, `observaciones`, `dispositivo_id`) VALUES (\'pendiente\', \'nnnn\', \'3\')')
 3 SYSTEMPATH\Database\BaseConnection.php(607): CodeIgniter\Database\BaseConnection->simpleQuery('INSERT INTO `ordenes` (`estado`, `observaciones`, `dispositivo_id`) VALUES (\'pendiente\', \'nnnn\', \'3\')')
 4 SYSTEMPATH\Database\BaseBuilder.php(2307): CodeIgniter\Database\BaseConnection->query('INSERT INTO `ordenes` (`estado`, `observaciones`, `dispositivo_id`) VALUES (:estado:, :observaciones:, :dispositivo_id:)', [...], false)
 5 SYSTEMPATH\Model.php(326): CodeIgniter\Database\BaseBuilder->insert()
 6 SYSTEMPATH\BaseModel.php(802): CodeIgniter\Model->doInsert([...])
 7 SYSTEMPATH\Model.php(744): CodeIgniter\BaseModel->insert([...], true)
 8 APPPATH\Controllers\OrdenController.php(68): CodeIgniter\Model->insert([...])
 9 SYSTEMPATH\CodeIgniter.php(941): App\Controllers\OrdenController->guardarOrden()
10 SYSTEMPATH\CodeIgniter.php(502): CodeIgniter\CodeIgniter->runController(Object(App\Controllers\OrdenController))
11 SYSTEMPATH\CodeIgniter.php(361): CodeIgniter\CodeIgniter->handleRequest(null, Object(Config\Cache), false)
12 FCPATH\index.php(79): CodeIgniter\CodeIgniter->run()
ERROR - 2024-03-21 16:17:26 --> mysqli_sql_exception: Cannot add or update a child row: a foreign key constraint fails (`computrack`.`ordenes`, CONSTRAINT `ordenes_id_foreign` FOREIGN KEY (`id`) REFERENCES `facturas` (`id`)) in C:\xampp\htdocs\computrack\system\Database\MySQLi\Connection.php:306
Stack trace:
#0 C:\xampp\htdocs\computrack\system\Database\MySQLi\Connection.php(306): mysqli->query('INSERT INTO `or...', 0)
#1 C:\xampp\htdocs\computrack\system\Database\BaseConnection.php(693): CodeIgniter\Database\MySQLi\Connection->execute('INSERT INTO `or...')
#2 C:\xampp\htdocs\computrack\system\Database\BaseConnection.php(607): CodeIgniter\Database\BaseConnection->simpleQuery('INSERT INTO `or...')
#3 C:\xampp\htdocs\computrack\system\Database\BaseBuilder.php(2307): CodeIgniter\Database\BaseConnection->query('INSERT INTO `or...', Array, false)
#4 C:\xampp\htdocs\computrack\system\Model.php(326): CodeIgniter\Database\BaseBuilder->insert()
#5 C:\xampp\htdocs\computrack\system\BaseModel.php(802): CodeIgniter\Model->doInsert(Array)
#6 C:\xampp\htdocs\computrack\system\Model.php(744): CodeIgniter\BaseModel->insert(Array, true)
#7 C:\xampp\htdocs\computrack\app\Controllers\OrdenController.php(68): CodeIgniter\Model->insert(Array)
#8 C:\xampp\htdocs\computrack\system\CodeIgniter.php(941): App\Controllers\OrdenController->guardarOrden()
#9 C:\xampp\htdocs\computrack\system\CodeIgniter.php(502): CodeIgniter\CodeIgniter->runController(Object(App\Controllers\OrdenController))
#10 C:\xampp\htdocs\computrack\system\CodeIgniter.php(361): CodeIgniter\CodeIgniter->handleRequest(NULL, Object(Config\Cache), false)
#11 C:\xampp\htdocs\computrack\public\index.php(79): CodeIgniter\CodeIgniter->run()
#12 {main}
CRITICAL - 2024-03-21 16:17:26 --> CodeIgniter\Database\Exceptions\DatabaseException: Cannot add or update a child row: a foreign key constraint fails (`computrack`.`ordenes`, CONSTRAINT `ordenes_id_foreign` FOREIGN KEY (`id`) REFERENCES `facturas` (`id`))
in SYSTEMPATH\Database\BaseConnection.php on line 647.
 1 SYSTEMPATH\Database\BaseBuilder.php(2307): CodeIgniter\Database\BaseConnection->query('INSERT INTO `ordenes` (`estado`, `observaciones`, `dispositivo_id`) VALUES (:estado:, :observaciones:, :dispositivo_id:)', [...], false)
 2 SYSTEMPATH\Model.php(326): CodeIgniter\Database\BaseBuilder->insert()
 3 SYSTEMPATH\BaseModel.php(802): CodeIgniter\Model->doInsert([...])
 4 SYSTEMPATH\Model.php(744): CodeIgniter\BaseModel->insert([...], true)
 5 APPPATH\Controllers\OrdenController.php(68): CodeIgniter\Model->insert([...])
 6 SYSTEMPATH\CodeIgniter.php(941): App\Controllers\OrdenController->guardarOrden()
 7 SYSTEMPATH\CodeIgniter.php(502): CodeIgniter\CodeIgniter->runController(Object(App\Controllers\OrdenController))
 8 SYSTEMPATH\CodeIgniter.php(361): CodeIgniter\CodeIgniter->handleRequest(null, Object(Config\Cache), false)
 9 FCPATH\index.php(79): CodeIgniter\CodeIgniter->run()
CRITICAL - 2024-03-21 16:17:26 --> [Caused by] CodeIgniter\Database\Exceptions\DatabaseException: Cannot add or update a child row: a foreign key constraint fails (`computrack`.`ordenes`, CONSTRAINT `ordenes_id_foreign` FOREIGN KEY (`id`) REFERENCES `facturas` (`id`))
in SYSTEMPATH\Database\MySQLi\Connection.php on line 311.
 1 SYSTEMPATH\Database\BaseConnection.php(693): CodeIgniter\Database\MySQLi\Connection->execute('INSERT INTO `ordenes` (`estado`, `observaciones`, `dispositivo_id`) VALUES (\'pendiente\', \'nnnn\', \'3\')')
 2 SYSTEMPATH\Database\BaseConnection.php(607): CodeIgniter\Database\BaseConnection->simpleQuery('INSERT INTO `ordenes` (`estado`, `observaciones`, `dispositivo_id`) VALUES (\'pendiente\', \'nnnn\', \'3\')')
 3 SYSTEMPATH\Database\BaseBuilder.php(2307): CodeIgniter\Database\BaseConnection->query('INSERT INTO `ordenes` (`estado`, `observaciones`, `dispositivo_id`) VALUES (:estado:, :observaciones:, :dispositivo_id:)', [...], false)
 4 SYSTEMPATH\Model.php(326): CodeIgniter\Database\BaseBuilder->insert()
 5 SYSTEMPATH\BaseModel.php(802): CodeIgniter\Model->doInsert([...])
 6 SYSTEMPATH\Model.php(744): CodeIgniter\BaseModel->insert([...], true)
 7 APPPATH\Controllers\OrdenController.php(68): CodeIgniter\Model->insert([...])
 8 SYSTEMPATH\CodeIgniter.php(941): App\Controllers\OrdenController->guardarOrden()
 9 SYSTEMPATH\CodeIgniter.php(502): CodeIgniter\CodeIgniter->runController(Object(App\Controllers\OrdenController))
10 SYSTEMPATH\CodeIgniter.php(361): CodeIgniter\CodeIgniter->handleRequest(null, Object(Config\Cache), false)
11 FCPATH\index.php(79): CodeIgniter\CodeIgniter->run()
CRITICAL - 2024-03-21 16:17:26 --> [Caused by] mysqli_sql_exception: Cannot add or update a child row: a foreign key constraint fails (`computrack`.`ordenes`, CONSTRAINT `ordenes_id_foreign` FOREIGN KEY (`id`) REFERENCES `facturas` (`id`))
in SYSTEMPATH\Database\MySQLi\Connection.php on line 306.
 1 SYSTEMPATH\Database\MySQLi\Connection.php(306): mysqli->query('INSERT INTO `ordenes` (`estado`, `observaciones`, `dispositivo_id`) VALUES (\'pendiente\', \'nnnn\', \'3\')', 0)
 2 SYSTEMPATH\Database\BaseConnection.php(693): CodeIgniter\Database\MySQLi\Connection->execute('INSERT INTO `ordenes` (`estado`, `observaciones`, `dispositivo_id`) VALUES (\'pendiente\', \'nnnn\', \'3\')')
 3 SYSTEMPATH\Database\BaseConnection.php(607): CodeIgniter\Database\BaseConnection->simpleQuery('INSERT INTO `ordenes` (`estado`, `observaciones`, `dispositivo_id`) VALUES (\'pendiente\', \'nnnn\', \'3\')')
 4 SYSTEMPATH\Database\BaseBuilder.php(2307): CodeIgniter\Database\BaseConnection->query('INSERT INTO `ordenes` (`estado`, `observaciones`, `dispositivo_id`) VALUES (:estado:, :observaciones:, :dispositivo_id:)', [...], false)
 5 SYSTEMPATH\Model.php(326): CodeIgniter\Database\BaseBuilder->insert()
 6 SYSTEMPATH\BaseModel.php(802): CodeIgniter\Model->doInsert([...])
 7 SYSTEMPATH\Model.php(744): CodeIgniter\BaseModel->insert([...], true)
 8 APPPATH\Controllers\OrdenController.php(68): CodeIgniter\Model->insert([...])
 9 SYSTEMPATH\CodeIgniter.php(941): App\Controllers\OrdenController->guardarOrden()
10 SYSTEMPATH\CodeIgniter.php(502): CodeIgniter\CodeIgniter->runController(Object(App\Controllers\OrdenController))
11 SYSTEMPATH\CodeIgniter.php(361): CodeIgniter\CodeIgniter->handleRequest(null, Object(Config\Cache), false)
12 FCPATH\index.php(79): CodeIgniter\CodeIgniter->run()
ERROR - 2024-03-21 16:18:52 --> mysqli_sql_exception: Cannot add or update a child row: a foreign key constraint fails (`computrack`.`ordenes`, CONSTRAINT `ordenes_id_foreign` FOREIGN KEY (`id`) REFERENCES `facturas` (`id`)) in C:\xampp\htdocs\computrack\system\Database\MySQLi\Connection.php:306
Stack trace:
#0 C:\xampp\htdocs\computrack\system\Database\MySQLi\Connection.php(306): mysqli->query('INSERT INTO `or...', 0)
#1 C:\xampp\htdocs\computrack\system\Database\BaseConnection.php(693): CodeIgniter\Database\MySQLi\Connection->execute('INSERT INTO `or...')
#2 C:\xampp\htdocs\computrack\system\Database\BaseConnection.php(607): CodeIgniter\Database\BaseConnection->simpleQuery('INSERT INTO `or...')
#3 C:\xampp\htdocs\computrack\system\Database\BaseBuilder.php(2307): CodeIgniter\Database\BaseConnection->query('INSERT INTO `or...', Array, false)
#4 C:\xampp\htdocs\computrack\system\Model.php(326): CodeIgniter\Database\BaseBuilder->insert()
#5 C:\xampp\htdocs\computrack\system\BaseModel.php(802): CodeIgniter\Model->doInsert(Array)
#6 C:\xampp\htdocs\computrack\system\Model.php(744): CodeIgniter\BaseModel->insert(Array, true)
#7 C:\xampp\htdocs\computrack\app\Controllers\OrdenController.php(68): CodeIgniter\Model->insert(Array)
#8 C:\xampp\htdocs\computrack\system\CodeIgniter.php(941): App\Controllers\OrdenController->guardarOrden()
#9 C:\xampp\htdocs\computrack\system\CodeIgniter.php(502): CodeIgniter\CodeIgniter->runController(Object(App\Controllers\OrdenController))
#10 C:\xampp\htdocs\computrack\system\CodeIgniter.php(361): CodeIgniter\CodeIgniter->handleRequest(NULL, Object(Config\Cache), false)
#11 C:\xampp\htdocs\computrack\public\index.php(79): CodeIgniter\CodeIgniter->run()
#12 {main}
CRITICAL - 2024-03-21 16:18:52 --> CodeIgniter\Database\Exceptions\DatabaseException: Cannot add or update a child row: a foreign key constraint fails (`computrack`.`ordenes`, CONSTRAINT `ordenes_id_foreign` FOREIGN KEY (`id`) REFERENCES `facturas` (`id`))
in SYSTEMPATH\Database\BaseConnection.php on line 647.
 1 SYSTEMPATH\Database\BaseBuilder.php(2307): CodeIgniter\Database\BaseConnection->query('INSERT INTO `ordenes` (`estado`, `observaciones`, `dispositivo_id`) VALUES (:estado:, :observaciones:, :dispositivo_id:)', [...], false)
 2 SYSTEMPATH\Model.php(326): CodeIgniter\Database\BaseBuilder->insert()
 3 SYSTEMPATH\BaseModel.php(802): CodeIgniter\Model->doInsert([...])
 4 SYSTEMPATH\Model.php(744): CodeIgniter\BaseModel->insert([...], true)
 5 APPPATH\Controllers\OrdenController.php(68): CodeIgniter\Model->insert([...])
 6 SYSTEMPATH\CodeIgniter.php(941): App\Controllers\OrdenController->guardarOrden()
 7 SYSTEMPATH\CodeIgniter.php(502): CodeIgniter\CodeIgniter->runController(Object(App\Controllers\OrdenController))
 8 SYSTEMPATH\CodeIgniter.php(361): CodeIgniter\CodeIgniter->handleRequest(null, Object(Config\Cache), false)
 9 FCPATH\index.php(79): CodeIgniter\CodeIgniter->run()
CRITICAL - 2024-03-21 16:18:52 --> [Caused by] CodeIgniter\Database\Exceptions\DatabaseException: Cannot add or update a child row: a foreign key constraint fails (`computrack`.`ordenes`, CONSTRAINT `ordenes_id_foreign` FOREIGN KEY (`id`) REFERENCES `facturas` (`id`))
in SYSTEMPATH\Database\MySQLi\Connection.php on line 311.
 1 SYSTEMPATH\Database\BaseConnection.php(693): CodeIgniter\Database\MySQLi\Connection->execute('INSERT INTO `ordenes` (`estado`, `observaciones`, `dispositivo_id`) VALUES (\'pendiente\', \'nnnn\', \'3\')')
 2 SYSTEMPATH\Database\BaseConnection.php(607): CodeIgniter\Database\BaseConnection->simpleQuery('INSERT INTO `ordenes` (`estado`, `observaciones`, `dispositivo_id`) VALUES (\'pendiente\', \'nnnn\', \'3\')')
 3 SYSTEMPATH\Database\BaseBuilder.php(2307): CodeIgniter\Database\BaseConnection->query('INSERT INTO `ordenes` (`estado`, `observaciones`, `dispositivo_id`) VALUES (:estado:, :observaciones:, :dispositivo_id:)', [...], false)
 4 SYSTEMPATH\Model.php(326): CodeIgniter\Database\BaseBuilder->insert()
 5 SYSTEMPATH\BaseModel.php(802): CodeIgniter\Model->doInsert([...])
 6 SYSTEMPATH\Model.php(744): CodeIgniter\BaseModel->insert([...], true)
 7 APPPATH\Controllers\OrdenController.php(68): CodeIgniter\Model->insert([...])
 8 SYSTEMPATH\CodeIgniter.php(941): App\Controllers\OrdenController->guardarOrden()
 9 SYSTEMPATH\CodeIgniter.php(502): CodeIgniter\CodeIgniter->runController(Object(App\Controllers\OrdenController))
10 SYSTEMPATH\CodeIgniter.php(361): CodeIgniter\CodeIgniter->handleRequest(null, Object(Config\Cache), false)
11 FCPATH\index.php(79): CodeIgniter\CodeIgniter->run()
CRITICAL - 2024-03-21 16:18:52 --> [Caused by] mysqli_sql_exception: Cannot add or update a child row: a foreign key constraint fails (`computrack`.`ordenes`, CONSTRAINT `ordenes_id_foreign` FOREIGN KEY (`id`) REFERENCES `facturas` (`id`))
in SYSTEMPATH\Database\MySQLi\Connection.php on line 306.
 1 SYSTEMPATH\Database\MySQLi\Connection.php(306): mysqli->query('INSERT INTO `ordenes` (`estado`, `observaciones`, `dispositivo_id`) VALUES (\'pendiente\', \'nnnn\', \'3\')', 0)
 2 SYSTEMPATH\Database\BaseConnection.php(693): CodeIgniter\Database\MySQLi\Connection->execute('INSERT INTO `ordenes` (`estado`, `observaciones`, `dispositivo_id`) VALUES (\'pendiente\', \'nnnn\', \'3\')')
 3 SYSTEMPATH\Database\BaseConnection.php(607): CodeIgniter\Database\BaseConnection->simpleQuery('INSERT INTO `ordenes` (`estado`, `observaciones`, `dispositivo_id`) VALUES (\'pendiente\', \'nnnn\', \'3\')')
 4 SYSTEMPATH\Database\BaseBuilder.php(2307): CodeIgniter\Database\BaseConnection->query('INSERT INTO `ordenes` (`estado`, `observaciones`, `dispositivo_id`) VALUES (:estado:, :observaciones:, :dispositivo_id:)', [...], false)
 5 SYSTEMPATH\Model.php(326): CodeIgniter\Database\BaseBuilder->insert()
 6 SYSTEMPATH\BaseModel.php(802): CodeIgniter\Model->doInsert([...])
 7 SYSTEMPATH\Model.php(744): CodeIgniter\BaseModel->insert([...], true)
 8 APPPATH\Controllers\OrdenController.php(68): CodeIgniter\Model->insert([...])
 9 SYSTEMPATH\CodeIgniter.php(941): App\Controllers\OrdenController->guardarOrden()
10 SYSTEMPATH\CodeIgniter.php(502): CodeIgniter\CodeIgniter->runController(Object(App\Controllers\OrdenController))
11 SYSTEMPATH\CodeIgniter.php(361): CodeIgniter\CodeIgniter->handleRequest(null, Object(Config\Cache), false)
12 FCPATH\index.php(79): CodeIgniter\CodeIgniter->run()
CRITICAL - 2024-03-21 16:30:56 --> ErrorException: Undefined variable $ordenes
in APPPATH\Views\ordenes\listado.php on line 14.
 1 APPPATH\Views\ordenes\listado.php(14): CodeIgniter\Debug\Exceptions->errorHandler(2, 'Undefined variable $ordenes', 'C:\\xampp\\htdocs\\computrack\\app\\Views\\ordenes\\listado.php', 14)
 2 SYSTEMPATH\View\View.php(228): include('C:\\xampp\\htdocs\\computrack\\app\\Views\\ordenes\\listado.php')
 3 SYSTEMPATH\View\View.php(231): CodeIgniter\View\View->CodeIgniter\View\{closure}()
 4 SYSTEMPATH\Common.php(1178): CodeIgniter\View\View->render('ordenes/listado', [], true)
 5 APPPATH\Controllers\OrdenController.php(16): view('ordenes/listado')
 6 SYSTEMPATH\CodeIgniter.php(941): App\Controllers\OrdenController->listado()
 7 SYSTEMPATH\CodeIgniter.php(502): CodeIgniter\CodeIgniter->runController(Object(App\Controllers\OrdenController))
 8 SYSTEMPATH\CodeIgniter.php(361): CodeIgniter\CodeIgniter->handleRequest(null, Object(Config\Cache), false)
 9 FCPATH\index.php(79): CodeIgniter\CodeIgniter->run()
CRITICAL - 2024-03-21 16:33:17 --> ErrorException: Undefined variable $ordenes
in APPPATH\Views\ordenes\listado.php on line 14.
 1 APPPATH\Views\ordenes\listado.php(14): CodeIgniter\Debug\Exceptions->errorHandler(2, 'Undefined variable $ordenes', 'C:\\xampp\\htdocs\\computrack\\app\\Views\\ordenes\\listado.php', 14)
 2 SYSTEMPATH\View\View.php(228): include('C:\\xampp\\htdocs\\computrack\\app\\Views\\ordenes\\listado.php')
 3 SYSTEMPATH\View\View.php(231): CodeIgniter\View\View->CodeIgniter\View\{closure}()
 4 SYSTEMPATH\Common.php(1178): CodeIgniter\View\View->render('ordenes/listado', [], true)
 5 APPPATH\Controllers\OrdenController.php(16): view('ordenes/listado')
 6 SYSTEMPATH\CodeIgniter.php(941): App\Controllers\OrdenController->listado()
 7 SYSTEMPATH\CodeIgniter.php(502): CodeIgniter\CodeIgniter->runController(Object(App\Controllers\OrdenController))
 8 SYSTEMPATH\CodeIgniter.php(361): CodeIgniter\CodeIgniter->handleRequest(null, Object(Config\Cache), false)
 9 FCPATH\index.php(79): CodeIgniter\CodeIgniter->run()
